[0mGET / [36m304[0m 889.225 ms - -[0m
[0mGET /css/layout.css [33m404[0m 308.043 ms - 153[0m
[0mGET /css/chat_box.css [33m404[0m 316.287 ms - 155[0m
[0mGET /js/chatbox.js [33m404[0m 35.360 ms - 152[0m
[0mGET /js/home_post_comments.js [33m404[0m 394.233 ms - 163[0m
[0mGET /js/toggle_likes.js [33m404[0m 3.534 ms - 157[0m
[0mGET /js/chat_engine.js [33m404[0m 7.663 ms - 156[0m
[0mGET /images/logo.jpg [33m404[0m 7.875 ms - 154[0m
[0mGET /js/home_post_comments.js [33m404[0m 6.667 ms - 163[0m
[0mGET /images/logo.jpg [33m404[0m 4.903 ms - 154[0m
[0mGET /js/home_post_comments.js [33m404[0m 7.167 ms - 163[0m
[0mGET /js/chatbox.js [33m404[0m 4.855 ms - 152[0m
[0mGET /js/toggle_likes.js [33m404[0m 4.395 ms - 157[0m
[0mGET /css/footer.css [33m404[0m 314.731 ms - 153[0m
[0mGET /css/post.css [33m404[0m 325.134 ms - 151[0m
[0mGET /js/chat_engine.js [33m404[0m 6.623 ms - 156[0m
[0mGET /js/home_posts.js [33m404[0m 572.456 ms - 155[0m
[0mGET /js/home_posts.js [33m404[0m 6.513 ms - 155[0m
[0mGET /css/header.css [33m404[0m 341.039 ms - 153[0m
[0mGET /users/sign-in [36m304[0m 15.148 ms - -[0m
[0mGET /css/header.css [33m404[0m 8.071 ms - 153[0m
[0mGET /css/layout.css [33m404[0m 9.125 ms - 153[0m
[0mHEAD / [32m200[0m 64.941 ms - 13291[0m
[0mGET / [32m200[0m 51.034 ms - 13291[0m
[0mHEAD /users/sign-in [32m200[0m 12.219 ms - 2517[0m
[0mGET /users/sign-in [32m200[0m 9.531 ms - 2517[0m
[0mPOST /users/create-session [36m302[0m 52.777 ms - 46[0m
[0mGET / [32m200[0m 183.319 ms - 19368[0m
[0mGET /css/layout.css [33m404[0m 28.364 ms - 153[0m
[0mGET /css/header.css [33m404[0m 25.988 ms - 153[0m
[0mGET /css/post.css [33m404[0m 37.912 ms - 151[0m
[0mGET /js/chatbox.js [33m404[0m 34.790 ms - 152[0m
[0mGET /js/toggle_likes.js [33m404[0m 34.616 ms - 157[0m
[0mGET /js/home_posts.js [33m404[0m 13.942 ms - 155[0m
[0mGET /js/chatbox.js [33m404[0m 12.275 ms - 152[0m
[0mGET /js/toggle_likes.js [33m404[0m 8.224 ms - 157[0m
[0mGET /js/chat_engine.js [33m404[0m 13.368 ms - 156[0m
[0mGET /users/sign-out [36m302[0m 17.913 ms - 46[0m
[0mGET / [32m200[0m 76.989 ms - 13589[0m
[0mGET /css/home.css [33m404[0m 21.153 ms - 151[0m
[0mGET /css/layout.css [33m404[0m 22.638 ms - 153[0m
[0mGET /css/post.css [33m404[0m 35.214 ms - 151[0m
[0mGET /js/chat_engine.js [33m404[0m 36.672 ms - 156[0m
[0mGET /js/home_posts.js [33m404[0m 37.547 ms - 155[0m
[0mGET /js/home_posts.js [33m404[0m 7.403 ms - 155[0m
[0mGET /js/chatbox.js [33m404[0m 8.748 ms - 152[0m
[0mGET /js/toggle_likes.js [33m404[0m 13.173 ms - 157[0m
[0mGET /js/chat_engine.js [33m404[0m 4.414 ms - 156[0m
[0mGET / [32m200[0m 249.399 ms - 13291[0m
[0mGET /css/header.css [33m404[0m 19.244 ms - 153[0m
[0mGET /css/layout.css [33m404[0m 18.716 ms - 153[0m
[0mGET /js/chatbox.js [33m404[0m 19.768 ms - 152[0m
[0mGET /js/home_post_comments.js [33m404[0m 19.534 ms - 163[0m
[0mGET /images/logo.jpg [33m404[0m 21.300 ms - 154[0m
[0mGET /js/chatbox.js [33m404[0m 5.746 ms - 152[0m
[0mGET /js/toggle_likes.js [33m404[0m 6.716 ms - 157[0m
[0mGET /js/chat_engine.js [33m404[0m 4.892 ms - 156[0m
[0mGET /images/favicon.ico [33m404[0m 3.809 ms - 157[0m
[0mGET /css/layout.css [33m404[0m 17.704 ms - 153[0m
[0mGET /css/post.css [33m404[0m 19.086 ms - 151[0m
[0mGET / [36m304[0m 431.013 ms - -[0m
[0mGET /users/sign-in [36m304[0m 51.223 ms - -[0m
[0mPOST /users/create-session [36m302[0m 107.777 ms - 46[0m
[0mGET / [32m200[0m 120.184 ms - 19368[0m
[0mGET /users/profile/5fc4c57f816b023f3cbf2a85 [32m200[0m 93.375 ms - 3467[0m
[0mGET /users/sign-out [36m302[0m 12.014 ms - 46[0m
[0mGET / [32m200[0m 80.265 ms - 13589[0m
[0mGET / [32m200[0m 136.170 ms - 13291[0m
[0mGET / [36m304[0m 74.046 ms - -[0m
[0mGET / [36m304[0m 68.455 ms - -[0m
[0mGET /users/sign-in [36m304[0m 10.973 ms - -[0m
[0mPOST /users/create-session [36m302[0m 19.407 ms - 46[0m
[0mGET / [32m200[0m 81.894 ms - 19368[0m
[0mGET /users/sign-out [36m302[0m 14.513 ms - 46[0m
[0mGET / [32m200[0m 71.377 ms - 13589[0m
[0mGET / [32m200[0m 524.976 ms - 13291[0m
::1 - - [02/Dec/2020:06:01:43 +0000] "GET / HTTP/1.1" - - "-" "Mozilla/5.0 (Windows NT 10.0; Win64; x64) AppleWebKit/537.36 (KHTML, like Gecko) Chrome/87.0.4280.66 Safari/537.36"
::1 - - [02/Dec/2020:06:02:25 +0000] "GET /css/layout.css HTTP/1.1" 404 153 "http://localhost:8000/" "Mozilla/5.0 (Windows NT 10.0; Win64; x64) AppleWebKit/537.36 (KHTML, like Gecko) Chrome/87.0.4280.66 Safari/537.36"
::1 - - [02/Dec/2020:06:02:25 +0000] "GET /css/header.css HTTP/1.1" 404 153 "http://localhost:8000/" "Mozilla/5.0 (Windows NT 10.0; Win64; x64) AppleWebKit/537.36 (KHTML, like Gecko) Chrome/87.0.4280.66 Safari/537.36"
::1 - - [02/Dec/2020:06:02:25 +0000] "GET /css/chat_box.css HTTP/1.1" 404 155 "http://localhost:8000/" "Mozilla/5.0 (Windows NT 10.0; Win64; x64) AppleWebKit/537.36 (KHTML, like Gecko) Chrome/87.0.4280.66 Safari/537.36"
::1 - - [02/Dec/2020:06:02:27 +0000] "GET / HTTP/1.1" 200 3501 "-" "Mozilla/5.0 (Windows NT 10.0; Win64; x64) AppleWebKit/537.36 (KHTML, like Gecko) Chrome/87.0.4280.66 Safari/537.36"
::1 - - [02/Dec/2020:06:02:28 +0000] "GET /css/footer.css HTTP/1.1" 404 153 "http://localhost:8000/" "Mozilla/5.0 (Windows NT 10.0; Win64; x64) AppleWebKit/537.36 (KHTML, like Gecko) Chrome/87.0.4280.66 Safari/537.36"
::1 - - [02/Dec/2020:06:02:28 +0000] "GET /css/chat_box.css HTTP/1.1" 404 155 "http://localhost:8000/" "Mozilla/5.0 (Windows NT 10.0; Win64; x64) AppleWebKit/537.36 (KHTML, like Gecko) Chrome/87.0.4280.66 Safari/537.36"
::1 - - [02/Dec/2020:06:02:28 +0000] "GET /js/chatbox.js HTTP/1.1" 404 152 "http://localhost:8000/" "Mozilla/5.0 (Windows NT 10.0; Win64; x64) AppleWebKit/537.36 (KHTML, like Gecko) Chrome/87.0.4280.66 Safari/537.36"
::1 - - [02/Dec/2020:06:02:28 +0000] "GET /js/toggle_likes.js HTTP/1.1" 404 157 "http://localhost:8000/" "Mozilla/5.0 (Windows NT 10.0; Win64; x64) AppleWebKit/537.36 (KHTML, like Gecko) Chrome/87.0.4280.66 Safari/537.36"
::1 - - [02/Dec/2020:06:02:28 +0000] "GET /js/chat_engine.js HTTP/1.1" 404 156 "http://localhost:8000/" "Mozilla/5.0 (Windows NT 10.0; Win64; x64) AppleWebKit/537.36 (KHTML, like Gecko) Chrome/87.0.4280.66 Safari/537.36"
::1 - - [02/Dec/2020:06:02:28 +0000] "GET /images/logo.jpg HTTP/1.1" 404 154 "http://localhost:8000/" "Mozilla/5.0 (Windows NT 10.0; Win64; x64) AppleWebKit/537.36 (KHTML, like Gecko) Chrome/87.0.4280.66 Safari/537.36"
::1 - - [02/Dec/2020:06:02:29 +0000] "GET /js/home_post_comments.js HTTP/1.1" 404 163 "http://localhost:8000/" "Mozilla/5.0 (Windows NT 10.0; Win64; x64) AppleWebKit/537.36 (KHTML, like Gecko) Chrome/87.0.4280.66 Safari/537.36"
::1 - - [02/Dec/2020:06:02:29 +0000] "GET /css/home.css HTTP/1.1" 404 151 "http://localhost:8000/" "Mozilla/5.0 (Windows NT 10.0; Win64; x64) AppleWebKit/537.36 (KHTML, like Gecko) Chrome/87.0.4280.66 Safari/537.36"
::1 - - [02/Dec/2020:06:02:29 +0000] "GET /js/home_posts.js HTTP/1.1" 404 155 "http://localhost:8000/" "Mozilla/5.0 (Windows NT 10.0; Win64; x64) AppleWebKit/537.36 (KHTML, like Gecko) Chrome/87.0.4280.66 Safari/537.36"
::1 - - [02/Dec/2020:06:02:29 +0000] "GET /css/layout.css HTTP/1.1" 404 153 "http://localhost:8000/" "Mozilla/5.0 (Windows NT 10.0; Win64; x64) AppleWebKit/537.36 (KHTML, like Gecko) Chrome/87.0.4280.66 Safari/537.36"
::1 - - [02/Dec/2020:06:02:29 +0000] "GET /css/header.css HTTP/1.1" 404 153 "http://localhost:8000/" "Mozilla/5.0 (Windows NT 10.0; Win64; x64) AppleWebKit/537.36 (KHTML, like Gecko) Chrome/87.0.4280.66 Safari/537.36"
::1 - - [02/Dec/2020:06:02:29 +0000] "GET /js/home_posts.js HTTP/1.1" 404 155 "http://localhost:8000/" "Mozilla/5.0 (Windows NT 10.0; Win64; x64) AppleWebKit/537.36 (KHTML, like Gecko) Chrome/87.0.4280.66 Safari/537.36"
::1 - - [02/Dec/2020:06:02:29 +0000] "GET /js/chatbox.js HTTP/1.1" 404 152 "http://localhost:8000/" "Mozilla/5.0 (Windows NT 10.0; Win64; x64) AppleWebKit/537.36 (KHTML, like Gecko) Chrome/87.0.4280.66 Safari/537.36"
::1 - - [02/Dec/2020:06:02:29 +0000] "GET /js/toggle_likes.js HTTP/1.1" 404 157 "http://localhost:8000/" "Mozilla/5.0 (Windows NT 10.0; Win64; x64) AppleWebKit/537.36 (KHTML, like Gecko) Chrome/87.0.4280.66 Safari/537.36"
::1 - - [02/Dec/2020:06:02:30 +0000] "GET /js/chat_engine.js HTTP/1.1" 404 156 "http://localhost:8000/" "Mozilla/5.0 (Windows NT 10.0; Win64; x64) AppleWebKit/537.36 (KHTML, like Gecko) Chrome/87.0.4280.66 Safari/537.36"
::1 - - [02/Dec/2020:06:02:30 +0000] "GET /images/favicon.ico HTTP/1.1" 404 157 "http://localhost:8000/" "Mozilla/5.0 (Windows NT 10.0; Win64; x64) AppleWebKit/537.36 (KHTML, like Gecko) Chrome/87.0.4280.66 Safari/537.36"
::1 - - [02/Dec/2020:06:02:31 +0000] "HEAD / HTTP/1.1" 200 3501 "-" "Mozilla/5.0 (X11; Linux x86_64; rv:10.0) Gecko/20150101 Firefox/47.0 (Chrome)"
::1 - - [02/Dec/2020:06:02:31 +0000] "GET / HTTP/1.1" 200 3501 "-" "Mozilla/5.0 (X11; Linux x86_64; rv:10.0) Gecko/20150101 Firefox/47.0 (Chrome)"
::1 - - [02/Dec/2020:06:04:50 +0000] "GET /css/layout.css HTTP/1.1" 404 153 "http://localhost:8000/" "Mozilla/5.0 (Windows NT 10.0; Win64; x64) AppleWebKit/537.36 (KHTML, like Gecko) Chrome/87.0.4280.66 Safari/537.36"
::1 - - [02/Dec/2020:06:04:50 +0000] "GET /css/header.css HTTP/1.1" 404 153 "http://localhost:8000/" "Mozilla/5.0 (Windows NT 10.0; Win64; x64) AppleWebKit/537.36 (KHTML, like Gecko) Chrome/87.0.4280.66 Safari/537.36"
::1 - - [02/Dec/2020:06:04:50 +0000] "GET /css/home.css HTTP/1.1" 404 151 "http://localhost:8000/" "Mozilla/5.0 (Windows NT 10.0; Win64; x64) AppleWebKit/537.36 (KHTML, like Gecko) Chrome/87.0.4280.66 Safari/537.36"
::1 - - [02/Dec/2020:06:04:50 +0000] "GET /css/chat_box.css HTTP/1.1" 404 155 "http://localhost:8000/" "Mozilla/5.0 (Windows NT 10.0; Win64; x64) AppleWebKit/537.36 (KHTML, like Gecko) Chrome/87.0.4280.66 Safari/537.36"
::1 - - [02/Dec/2020:06:06:28 +0000] "GET / HTTP/1.1" 304 - "-" "Mozilla/5.0 (Windows NT 10.0; Win64; x64) AppleWebKit/537.36 (KHTML, like Gecko) Chrome/87.0.4280.66 Safari/537.36"
::1 - - [02/Dec/2020:06:06:36 +0000] "GET /users/sign-up HTTP/1.1" 200 2708 "http://localhost:8000/" "Mozilla/5.0 (Windows NT 10.0; Win64; x64) AppleWebKit/537.36 (KHTML, like Gecko) Chrome/87.0.4280.66 Safari/537.36"
::1 - - [02/Dec/2020:06:06:42 +0000] "HEAD /users/sign-up HTTP/1.1" 200 2708 "-" "Mozilla/5.0 (X11; Linux x86_64; rv:10.0) Gecko/20150101 Firefox/47.0 (Chrome)"
::1 - - [02/Dec/2020:06:06:42 +0000] "GET /users/sign-up HTTP/1.1" 200 2708 "-" "Mozilla/5.0 (X11; Linux x86_64; rv:10.0) Gecko/20150101 Firefox/47.0 (Chrome)"
::1 - - [02/Dec/2020:06:06:59 +0000] "POST /users/create HTTP/1.1" 302 72 "http://localhost:8000/users/sign-up" "Mozilla/5.0 (Windows NT 10.0; Win64; x64) AppleWebKit/537.36 (KHTML, like Gecko) Chrome/87.0.4280.66 Safari/537.36"
::1 - - [02/Dec/2020:06:06:59 +0000] "GET /users/sign-in HTTP/1.1" 200 2517 "http://localhost:8000/users/sign-up" "Mozilla/5.0 (Windows NT 10.0; Win64; x64) AppleWebKit/537.36 (KHTML, like Gecko) Chrome/87.0.4280.66 Safari/537.36"
::1 - - [02/Dec/2020:06:07:06 +0000] "HEAD /users/sign-in HTTP/1.1" 200 2517 "-" "Mozilla/5.0 (X11; Linux x86_64; rv:10.0) Gecko/20150101 Firefox/47.0 (Chrome)"
::1 - - [02/Dec/2020:06:07:06 +0000] "GET /users/sign-in HTTP/1.1" 200 2517 "-" "Mozilla/5.0 (X11; Linux x86_64; rv:10.0) Gecko/20150101 Firefox/47.0 (Chrome)"
::1 - - [02/Dec/2020:06:07:19 +0000] "POST /users/create-session HTTP/1.1" 302 46 "http://localhost:8000/users/sign-in" "Mozilla/5.0 (Windows NT 10.0; Win64; x64) AppleWebKit/537.36 (KHTML, like Gecko) Chrome/87.0.4280.66 Safari/537.36"
::1 - - [02/Dec/2020:06:07:19 +0000] "GET / HTTP/1.1" 200 5172 "http://localhost:8000/users/sign-in" "Mozilla/5.0 (Windows NT 10.0; Win64; x64) AppleWebKit/537.36 (KHTML, like Gecko) Chrome/87.0.4280.66 Safari/537.36"
::1 - - [02/Dec/2020:06:07:50 +0000] "POST /posts/create HTTP/1.1" 302 88 "http://localhost:8000/" "Mozilla/5.0 (Windows NT 10.0; Win64; x64) AppleWebKit/537.36 (KHTML, like Gecko) Chrome/87.0.4280.66 Safari/537.36"
::1 - - [02/Dec/2020:06:07:51 +0000] "GET / HTTP/1.1" 200 7216 "http://localhost:8000/" "Mozilla/5.0 (Windows NT 10.0; Win64; x64) AppleWebKit/537.36 (KHTML, like Gecko) Chrome/87.0.4280.66 Safari/537.36"
::1 - - [02/Dec/2020:06:08:10 +0000] "POST /comments/create HTTP/1.1" 302 46 "http://localhost:8000/" "Mozilla/5.0 (Windows NT 10.0; Win64; x64) AppleWebKit/537.36 (KHTML, like Gecko) Chrome/87.0.4280.66 Safari/537.36"
::1 - - [02/Dec/2020:06:08:10 +0000] "GET / HTTP/1.1" 200 7219 "http://localhost:8000/" "Mozilla/5.0 (Windows NT 10.0; Win64; x64) AppleWebKit/537.36 (KHTML, like Gecko) Chrome/87.0.4280.66 Safari/537.36"
::1 - - [02/Dec/2020:06:09:03 +0000] "GET / HTTP/1.1" 200 7774 "http://localhost:8000/" "Mozilla/5.0 (Windows NT 10.0; Win64; x64) AppleWebKit/537.36 (KHTML, like Gecko) Chrome/87.0.4280.66 Safari/537.36"
::1 - - [02/Dec/2020:06:17:41 +0000] "GET /users/profile/5fc72f03bd412343d4b48e17 HTTP/1.1" 200 4003 "http://localhost:8000/" "Mozilla/5.0 (Windows NT 10.0; Win64; x64) AppleWebKit/537.36 (KHTML, like Gecko) Chrome/87.0.4280.66 Safari/537.36"
::1 - - [02/Dec/2020:06:17:47 +0000] "HEAD /users/profile/5fc72f03bd412343d4b48e17 HTTP/1.1" 302 72 "-" "Mozilla/5.0 (X11; Linux x86_64; rv:10.0) Gecko/20150101 Firefox/47.0 (Chrome)"
::1 - - [02/Dec/2020:06:17:47 +0000] "GET /users/sign-in HTTP/1.1" 200 2517 "-" "Mozilla/5.0 (X11; Linux x86_64; rv:10.0) Gecko/20150101 Firefox/47.0 (Chrome)"
::1 - - [02/Dec/2020:06:17:47 +0000] "HEAD /users/sign-in HTTP/1.1" 200 2517 "-" "Mozilla/5.0 (X11; Linux x86_64; rv:10.0) Gecko/20150101 Firefox/47.0 (Chrome)"
::1 - - [02/Dec/2020:06:17:47 +0000] "GET /users/sign-in HTTP/1.1" 200 2517 "-" "Mozilla/5.0 (X11; Linux x86_64; rv:10.0) Gecko/20150101 Firefox/47.0 (Chrome)"
::1 - - [02/Dec/2020:06:17:51 +0000] "GET / HTTP/1.1" 304 - "http://localhost:8000/users/profile/5fc72f03bd412343d4b48e17" "Mozilla/5.0 (Windows NT 10.0; Win64; x64) AppleWebKit/537.36 (KHTML, like Gecko) Chrome/87.0.4280.66 Safari/537.36"
::1 - - [02/Dec/2020:06:18:06 +0000] "GET /users/sign-out HTTP/1.1" 302 46 "http://localhost:8000/" "Mozilla/5.0 (Windows NT 10.0; Win64; x64) AppleWebKit/537.36 (KHTML, like Gecko) Chrome/87.0.4280.66 Safari/537.36"
::1 - - [02/Dec/2020:06:18:06 +0000] "GET / HTTP/1.1" 200 6205 "http://localhost:8000/" "Mozilla/5.0 (Windows NT 10.0; Win64; x64) AppleWebKit/537.36 (KHTML, like Gecko) Chrome/87.0.4280.66 Safari/537.36"
::1 - - [02/Dec/2020:06:23:44 +0000] "GET / HTTP/1.1" 200 5907 "http://localhost:8000/" "Mozilla/5.0 (Windows NT 10.0; Win64; x64) AppleWebKit/537.36 (KHTML, like Gecko) Chrome/87.0.4280.66 Safari/537.36"
::1 - - [02/Dec/2020:06:23:47 +0000] "HEAD / HTTP/1.1" 200 5907 "-" "Mozilla/5.0 (X11; Linux x86_64; rv:10.0) Gecko/20150101 Firefox/47.0 (Chrome)"
::1 - - [02/Dec/2020:06:23:47 +0000] "GET / HTTP/1.1" 200 5907 "-" "Mozilla/5.0 (X11; Linux x86_64; rv:10.0) Gecko/20150101 Firefox/47.0 (Chrome)"
::1 - - [02/Dec/2020:06:24:06 +0000] "GET /users/sign-in HTTP/1.1" 304 - "http://localhost:8000/" "Mozilla/5.0 (Windows NT 10.0; Win64; x64) AppleWebKit/537.36 (KHTML, like Gecko) Chrome/87.0.4280.66 Safari/537.36"
::1 - - [02/Dec/2020:06:24:15 +0000] "POST /users/create-session HTTP/1.1" 302 46 "http://localhost:8000/users/sign-in" "Mozilla/5.0 (Windows NT 10.0; Win64; x64) AppleWebKit/537.36 (KHTML, like Gecko) Chrome/87.0.4280.66 Safari/537.36"
::1 - - [02/Dec/2020:06:24:15 +0000] "GET / HTTP/1.1" 200 8074 "http://localhost:8000/users/sign-in" "Mozilla/5.0 (Windows NT 10.0; Win64; x64) AppleWebKit/537.36 (KHTML, like Gecko) Chrome/87.0.4280.66 Safari/537.36"
::1 - - [02/Dec/2020:06:24:26 +0000] "GET /users/profile/5fc72f03bd412343d4b48e17 HTTP/1.1" 304 - "http://localhost:8000/" "Mozilla/5.0 (Windows NT 10.0; Win64; x64) AppleWebKit/537.36 (KHTML, like Gecko) Chrome/87.0.4280.66 Safari/537.36"
::1 - - [02/Dec/2020:06:24:50 +0000] "POST /users/update/5fc72f03bd412343d4b48e17 HTTP/1.1" 302 164 "http://localhost:8000/users/profile/5fc72f03bd412343d4b48e17" "Mozilla/5.0 (Windows NT 10.0; Win64; x64) AppleWebKit/537.36 (KHTML, like Gecko) Chrome/87.0.4280.66 Safari/537.36"
::1 - - [02/Dec/2020:06:24:50 +0000] "GET /users/profile/5fc72f03bd412343d4b48e17 HTTP/1.1" 200 4081 "http://localhost:8000/users/profile/5fc72f03bd412343d4b48e17" "Mozilla/5.0 (Windows NT 10.0; Win64; x64) AppleWebKit/537.36 (KHTML, like Gecko) Chrome/87.0.4280.66 Safari/537.36"
::1 - - [02/Dec/2020:06:24:54 +0000] "GET / HTTP/1.1" 200 7774 "http://localhost:8000/users/profile/5fc72f03bd412343d4b48e17" "Mozilla/5.0 (Windows NT 10.0; Win64; x64) AppleWebKit/537.36 (KHTML, like Gecko) Chrome/87.0.4280.66 Safari/537.36"
::1 - - [02/Dec/2020:06:25:06 +0000] "GET /users/sign-out HTTP/1.1" 302 46 "http://localhost:8000/" "Mozilla/5.0 (Windows NT 10.0; Win64; x64) AppleWebKit/537.36 (KHTML, like Gecko) Chrome/87.0.4280.66 Safari/537.36"
::1 - - [02/Dec/2020:06:25:06 +0000] "GET / HTTP/1.1" 200 6195 "http://localhost:8000/" "Mozilla/5.0 (Windows NT 10.0; Win64; x64) AppleWebKit/537.36 (KHTML, like Gecko) Chrome/87.0.4280.66 Safari/537.36"
::1 - - [02/Dec/2020:06:25:11 +0000] "GET /users/sign-in HTTP/1.1" 304 - "http://localhost:8000/" "Mozilla/5.0 (Windows NT 10.0; Win64; x64) AppleWebKit/537.36 (KHTML, like Gecko) Chrome/87.0.4280.66 Safari/537.36"
::1 - - [02/Dec/2020:06:25:48 +0000] "GET /users/sign-up HTTP/1.1" 304 - "http://localhost:8000/users/sign-in" "Mozilla/5.0 (Windows NT 10.0; Win64; x64) AppleWebKit/537.36 (KHTML, like Gecko) Chrome/87.0.4280.66 Safari/537.36"
::1 - - [02/Dec/2020:06:25:53 +0000] "HEAD /users/sign-up HTTP/1.1" 200 2708 "-" "Mozilla/5.0 (X11; Linux x86_64; rv:10.0) Gecko/20150101 Firefox/47.0 (Chrome)"
::1 - - [02/Dec/2020:06:25:53 +0000] "GET /users/sign-up HTTP/1.1" 200 2708 "-" "Mozilla/5.0 (X11; Linux x86_64; rv:10.0) Gecko/20150101 Firefox/47.0 (Chrome)"
::1 - - [02/Dec/2020:06:26:06 +0000] "POST /users/create HTTP/1.1" 302 72 "http://localhost:8000/users/sign-up" "Mozilla/5.0 (Windows NT 10.0; Win64; x64) AppleWebKit/537.36 (KHTML, like Gecko) Chrome/87.0.4280.66 Safari/537.36"
::1 - - [02/Dec/2020:06:26:06 +0000] "GET /users/sign-in HTTP/1.1" 304 - "http://localhost:8000/users/sign-up" "Mozilla/5.0 (Windows NT 10.0; Win64; x64) AppleWebKit/537.36 (KHTML, like Gecko) Chrome/87.0.4280.66 Safari/537.36"
::1 - - [02/Dec/2020:06:26:10 +0000] "HEAD /users/sign-in HTTP/1.1" 200 2517 "-" "Mozilla/5.0 (X11; Linux x86_64; rv:10.0) Gecko/20150101 Firefox/47.0 (Chrome)"
::1 - - [02/Dec/2020:06:26:11 +0000] "GET /users/sign-in HTTP/1.1" 200 2517 "-" "Mozilla/5.0 (X11; Linux x86_64; rv:10.0) Gecko/20150101 Firefox/47.0 (Chrome)"
::1 - - [02/Dec/2020:06:26:15 +0000] "POST /users/create-session HTTP/1.1" 302 46 "http://localhost:8000/users/sign-in" "Mozilla/5.0 (Windows NT 10.0; Win64; x64) AppleWebKit/537.36 (KHTML, like Gecko) Chrome/87.0.4280.66 Safari/537.36"
::1 - - [02/Dec/2020:06:26:15 +0000] "GET / HTTP/1.1" 200 8561 "http://localhost:8000/users/sign-in" "Mozilla/5.0 (Windows NT 10.0; Win64; x64) AppleWebKit/537.36 (KHTML, like Gecko) Chrome/87.0.4280.66 Safari/537.36"
::1 - - [02/Dec/2020:06:27:05 +0000] "GET /users/profile/5fc7337ebd412343d4b48e1b HTTP/1.1" 200 3997 "http://localhost:8000/" "Mozilla/5.0 (Windows NT 10.0; Win64; x64) AppleWebKit/537.36 (KHTML, like Gecko) Chrome/87.0.4280.66 Safari/537.36"
::1 - - [02/Dec/2020:06:27:11 +0000] "HEAD /users/profile/5fc7337ebd412343d4b48e1b HTTP/1.1" 302 72 "-" "Mozilla/5.0 (X11; Linux x86_64; rv:10.0) Gecko/20150101 Firefox/47.0 (Chrome)"
::1 - - [02/Dec/2020:06:27:11 +0000] "GET /users/sign-in HTTP/1.1" 200 2517 "-" "Mozilla/5.0 (X11; Linux x86_64; rv:10.0) Gecko/20150101 Firefox/47.0 (Chrome)"
::1 - - [02/Dec/2020:06:27:11 +0000] "HEAD /users/sign-in HTTP/1.1" 200 2517 "-" "Mozilla/5.0 (X11; Linux x86_64; rv:10.0) Gecko/20150101 Firefox/47.0 (Chrome)"
::1 - - [02/Dec/2020:06:27:11 +0000] "GET /users/sign-in HTTP/1.1" 200 2517 "-" "Mozilla/5.0 (X11; Linux x86_64; rv:10.0) Gecko/20150101 Firefox/47.0 (Chrome)"
::1 - - [02/Dec/2020:06:27:31 +0000] "POST /users/update/5fc7337ebd412343d4b48e1b HTTP/1.1" 302 164 "http://localhost:8000/users/profile/5fc7337ebd412343d4b48e1b" "Mozilla/5.0 (Windows NT 10.0; Win64; x64) AppleWebKit/537.36 (KHTML, like Gecko) Chrome/87.0.4280.66 Safari/537.36"
::1 - - [02/Dec/2020:06:27:31 +0000] "GET /users/profile/5fc7337ebd412343d4b48e1b HTTP/1.1" 200 4075 "http://localhost:8000/users/profile/5fc7337ebd412343d4b48e1b" "Mozilla/5.0 (Windows NT 10.0; Win64; x64) AppleWebKit/537.36 (KHTML, like Gecko) Chrome/87.0.4280.66 Safari/537.36"
::1 - - [02/Dec/2020:06:27:34 +0000] "GET / HTTP/1.1" 200 8261 "http://localhost:8000/users/profile/5fc7337ebd412343d4b48e1b" "Mozilla/5.0 (Windows NT 10.0; Win64; x64) AppleWebKit/537.36 (KHTML, like Gecko) Chrome/87.0.4280.66 Safari/537.36"
::1 - - [02/Dec/2020:06:28:48 +0000] "POST /posts/create HTTP/1.1" 200 339 "http://localhost:8000/" "Mozilla/5.0 (Windows NT 10.0; Win64; x64) AppleWebKit/537.36 (KHTML, like Gecko) Chrome/87.0.4280.66 Safari/537.36"
::1 - - [02/Dec/2020:06:29:29 +0000] "POST /likes/toggle/?id=5fc72f36bd412343d4b48e18&type=Post HTTP/1.1" 200 58 "http://localhost:8000/" "Mozilla/5.0 (Windows NT 10.0; Win64; x64) AppleWebKit/537.36 (KHTML, like Gecko) Chrome/87.0.4280.66 Safari/537.36"
::1 - - [02/Dec/2020:06:29:32 +0000] "POST /likes/toggle/?id=5fc72f49bd412343d4b48e19&type=Comment HTTP/1.1" 200 58 "http://localhost:8000/" "Mozilla/5.0 (Windows NT 10.0; Win64; x64) AppleWebKit/537.36 (KHTML, like Gecko) Chrome/87.0.4280.66 Safari/537.36"
::1 - - [02/Dec/2020:06:29:38 +0000] "GET / HTTP/1.1" 200 10376 "http://localhost:8000/users/profile/5fc7337ebd412343d4b48e1b" "Mozilla/5.0 (Windows NT 10.0; Win64; x64) AppleWebKit/537.36 (KHTML, like Gecko) Chrome/87.0.4280.66 Safari/537.36"
::1 - - [02/Dec/2020:06:29:53 +0000] "GET /users/sign-out HTTP/1.1" 302 46 "http://localhost:8000/" "Mozilla/5.0 (Windows NT 10.0; Win64; x64) AppleWebKit/537.36 (KHTML, like Gecko) Chrome/87.0.4280.66 Safari/537.36"
::1 - - [02/Dec/2020:06:29:53 +0000] "GET / HTTP/1.1" 200 7957 "http://localhost:8000/" "Mozilla/5.0 (Windows NT 10.0; Win64; x64) AppleWebKit/537.36 (KHTML, like Gecko) Chrome/87.0.4280.66 Safari/537.36"
::1 - - [02/Dec/2020:09:47:11 +0000] "GET / HTTP/1.1" 200 7694 "-" "Mozilla/5.0 (Windows NT 10.0; Win64; x64) AppleWebKit/537.36 (KHTML, like Gecko) Chrome/87.0.4280.66 Safari/537.36"
::1 - - [02/Dec/2020:09:47:12 +0000] "GET /css/header-e6e168aea3.css HTTP/1.1" 404 164 "http://localhost:8000/" "Mozilla/5.0 (Windows NT 10.0; Win64; x64) AppleWebKit/537.36 (KHTML, like Gecko) Chrome/87.0.4280.66 Safari/537.36"
::1 - - [02/Dec/2020:09:47:12 +0000] "GET /css/home-b92a9d6fdd.css HTTP/1.1" 404 162 "http://localhost:8000/" "Mozilla/5.0 (Windows NT 10.0; Win64; x64) AppleWebKit/537.36 (KHTML, like Gecko) Chrome/87.0.4280.66 Safari/537.36"
::1 - - [02/Dec/2020:09:47:12 +0000] "GET /css/header-e6e168aea3.css HTTP/1.1" 404 164 "http://localhost:8000/" "Mozilla/5.0 (Windows NT 10.0; Win64; x64) AppleWebKit/537.36 (KHTML, like Gecko) Chrome/87.0.4280.66 Safari/537.36"
::1 - - [02/Dec/2020:09:47:12 +0000] "GET /css/layout-43e5d0f990.css HTTP/1.1" 404 164 "http://localhost:8000/" "Mozilla/5.0 (Windows NT 10.0; Win64; x64) AppleWebKit/537.36 (KHTML, like Gecko) Chrome/87.0.4280.66 Safari/537.36"
::1 - - [02/Dec/2020:09:47:12 +0000] "GET /css/chat_box-39d02335a4.css HTTP/1.1" 404 166 "http://localhost:8000/" "Mozilla/5.0 (Windows NT 10.0; Win64; x64) AppleWebKit/537.36 (KHTML, like Gecko) Chrome/87.0.4280.66 Safari/537.36"
::1 - - [02/Dec/2020:09:47:12 +0000] "GET /css/post-c063e2e464.css HTTP/1.1" 404 162 "http://localhost:8000/" "Mozilla/5.0 (Windows NT 10.0; Win64; x64) AppleWebKit/537.36 (KHTML, like Gecko) Chrome/87.0.4280.66 Safari/537.36"
::1 - - [02/Dec/2020:09:47:12 +0000] "GET /css/post-c063e2e464.css HTTP/1.1" 404 162 "http://localhost:8000/" "Mozilla/5.0 (Windows NT 10.0; Win64; x64) AppleWebKit/537.36 (KHTML, like Gecko) Chrome/87.0.4280.66 Safari/537.36"
::1 - - [02/Dec/2020:09:47:12 +0000] "GET /css/chat_box-39d02335a4.css HTTP/1.1" 404 166 "http://localhost:8000/" "Mozilla/5.0 (Windows NT 10.0; Win64; x64) AppleWebKit/537.36 (KHTML, like Gecko) Chrome/87.0.4280.66 Safari/537.36"
::1 - - [02/Dec/2020:09:47:12 +0000] "GET /css/header-e6e168aea3.css HTTP/1.1" 404 164 "http://localhost:8000/" "Mozilla/5.0 (Windows NT 10.0; Win64; x64) AppleWebKit/537.36 (KHTML, like Gecko) Chrome/87.0.4280.66 Safari/537.36"
::1 - - [02/Dec/2020:09:47:12 +0000] "GET /css/home-b92a9d6fdd.css HTTP/1.1" 404 162 "http://localhost:8000/" "Mozilla/5.0 (Windows NT 10.0; Win64; x64) AppleWebKit/537.36 (KHTML, like Gecko) Chrome/87.0.4280.66 Safari/537.36"
::1 - - [02/Dec/2020:09:47:12 +0000] "GET /css/layout-43e5d0f990.css HTTP/1.1" 404 164 "http://localhost:8000/" "Mozilla/5.0 (Windows NT 10.0; Win64; x64) AppleWebKit/537.36 (KHTML, like Gecko) Chrome/87.0.4280.66 Safari/537.36"
::1 - - [02/Dec/2020:09:47:12 +0000] "GET /undefined HTTP/1.1" 404 148 "http://localhost:8000/" "Mozilla/5.0 (Windows NT 10.0; Win64; x64) AppleWebKit/537.36 (KHTML, like Gecko) Chrome/87.0.4280.66 Safari/537.36"
::1 - - [02/Dec/2020:09:47:12 +0000] "GET /css/footer-80b8801692.css HTTP/1.1" 404 164 "http://localhost:8000/" "Mozilla/5.0 (Windows NT 10.0; Win64; x64) AppleWebKit/537.36 (KHTML, like Gecko) Chrome/87.0.4280.66 Safari/537.36"
::1 - - [02/Dec/2020:09:47:12 +0000] "GET /css/layout-43e5d0f990.css HTTP/1.1" 404 164 "http://localhost:8000/" "Mozilla/5.0 (Windows NT 10.0; Win64; x64) AppleWebKit/537.36 (KHTML, like Gecko) Chrome/87.0.4280.66 Safari/537.36"
::1 - - [02/Dec/2020:09:47:12 +0000] "GET /css/home-b92a9d6fdd.css HTTP/1.1" 404 162 "http://localhost:8000/" "Mozilla/5.0 (Windows NT 10.0; Win64; x64) AppleWebKit/537.36 (KHTML, like Gecko) Chrome/87.0.4280.66 Safari/537.36"
::1 - - [02/Dec/2020:09:47:12 +0000] "GET /css/footer-80b8801692.css HTTP/1.1" 404 164 "http://localhost:8000/" "Mozilla/5.0 (Windows NT 10.0; Win64; x64) AppleWebKit/537.36 (KHTML, like Gecko) Chrome/87.0.4280.66 Safari/537.36"
::1 - - [02/Dec/2020:09:47:12 +0000] "GET /undefined HTTP/1.1" 404 148 "http://localhost:8000/" "Mozilla/5.0 (Windows NT 10.0; Win64; x64) AppleWebKit/537.36 (KHTML, like Gecko) Chrome/87.0.4280.66 Safari/537.36"
::1 - - [02/Dec/2020:09:47:12 +0000] "GET /css/footer-80b8801692.css HTTP/1.1" 404 164 "http://localhost:8000/" "Mozilla/5.0 (Windows NT 10.0; Win64; x64) AppleWebKit/537.36 (KHTML, like Gecko) Chrome/87.0.4280.66 Safari/537.36"
::1 - - [02/Dec/2020:09:47:12 +0000] "GET /css/home-b92a9d6fdd.css HTTP/1.1" 404 162 "http://localhost:8000/" "Mozilla/5.0 (Windows NT 10.0; Win64; x64) AppleWebKit/537.36 (KHTML, like Gecko) Chrome/87.0.4280.66 Safari/537.36"
::1 - - [02/Dec/2020:09:47:13 +0000] "GET /undefined HTTP/1.1" 404 148 "http://localhost:8000/" "Mozilla/5.0 (Windows NT 10.0; Win64; x64) AppleWebKit/537.36 (KHTML, like Gecko) Chrome/87.0.4280.66 Safari/537.36"
::1 - - [02/Dec/2020:09:47:13 +0000] "GET /undefined HTTP/1.1" 404 148 "http://localhost:8000/" "Mozilla/5.0 (Windows NT 10.0; Win64; x64) AppleWebKit/537.36 (KHTML, like Gecko) Chrome/87.0.4280.66 Safari/537.36"
::1 - - [02/Dec/2020:09:47:13 +0000] "GET /undefined HTTP/1.1" 404 148 "http://localhost:8000/" "Mozilla/5.0 (Windows NT 10.0; Win64; x64) AppleWebKit/537.36 (KHTML, like Gecko) Chrome/87.0.4280.66 Safari/537.36"
::1 - - [02/Dec/2020:09:47:13 +0000] "GET /undefined HTTP/1.1" 404 148 "http://localhost:8000/" "Mozilla/5.0 (Windows NT 10.0; Win64; x64) AppleWebKit/537.36 (KHTML, like Gecko) Chrome/87.0.4280.66 Safari/537.36"
::1 - - [02/Dec/2020:09:47:22 +0000] "HEAD / HTTP/1.1" 200 7694 "-" "Mozilla/5.0 (X11; Linux x86_64; rv:10.0) Gecko/20150101 Firefox/47.0 (Chrome)"
::1 - - [02/Dec/2020:09:47:22 +0000] "GET / HTTP/1.1" 200 7694 "-" "Mozilla/5.0 (X11; Linux x86_64; rv:10.0) Gecko/20150101 Firefox/47.0 (Chrome)"
::1 - - [02/Dec/2020:09:47:31 +0000] "GET /css/footer-80b8801692.css HTTP/1.1" 404 164 "http://localhost:8000/" "Mozilla/5.0 (Windows NT 10.0; Win64; x64) AppleWebKit/537.36 (KHTML, like Gecko) Chrome/87.0.4280.66 Safari/537.36"
::1 - - [02/Dec/2020:09:47:31 +0000] "GET /css/layout-43e5d0f990.css HTTP/1.1" 404 164 "http://localhost:8000/" "Mozilla/5.0 (Windows NT 10.0; Win64; x64) AppleWebKit/537.36 (KHTML, like Gecko) Chrome/87.0.4280.66 Safari/537.36"
::1 - - [02/Dec/2020:09:47:31 +0000] "GET /css/header-e6e168aea3.css HTTP/1.1" 404 164 "http://localhost:8000/" "Mozilla/5.0 (Windows NT 10.0; Win64; x64) AppleWebKit/537.36 (KHTML, like Gecko) Chrome/87.0.4280.66 Safari/537.36"
::1 - - [02/Dec/2020:09:47:31 +0000] "GET /css/chat_box-39d02335a4.css HTTP/1.1" 404 166 "http://localhost:8000/" "Mozilla/5.0 (Windows NT 10.0; Win64; x64) AppleWebKit/537.36 (KHTML, like Gecko) Chrome/87.0.4280.66 Safari/537.36"
::1 - - [02/Dec/2020:09:57:38 +0000] "GET / HTTP/1.1" 304 - "-" "Mozilla/5.0 (Windows NT 10.0; Win64; x64) AppleWebKit/537.36 (KHTML, like Gecko) Chrome/87.0.4280.66 Safari/537.36"
::1 - - [02/Dec/2020:09:57:38 +0000] "GET /undefined HTTP/1.1" 404 148 "http://localhost:8000/" "Mozilla/5.0 (Windows NT 10.0; Win64; x64) AppleWebKit/537.36 (KHTML, like Gecko) Chrome/87.0.4280.66 Safari/537.36"
::1 - - [02/Dec/2020:09:57:38 +0000] "GET /images/logo.jpg HTTP/1.1" 404 154 "http://localhost:8000/" "Mozilla/5.0 (Windows NT 10.0; Win64; x64) AppleWebKit/537.36 (KHTML, like Gecko) Chrome/87.0.4280.66 Safari/537.36"
::1 - - [02/Dec/2020:09:57:39 +0000] "GET /undefined HTTP/1.1" 404 148 "http://localhost:8000/" "Mozilla/5.0 (Windows NT 10.0; Win64; x64) AppleWebKit/537.36 (KHTML, like Gecko) Chrome/87.0.4280.66 Safari/537.36"
::1 - - [02/Dec/2020:09:57:39 +0000] "GET /undefined HTTP/1.1" 404 148 "http://localhost:8000/" "Mozilla/5.0 (Windows NT 10.0; Win64; x64) AppleWebKit/537.36 (KHTML, like Gecko) Chrome/87.0.4280.66 Safari/537.36"
::1 - - [02/Dec/2020:09:57:39 +0000] "GET /undefined HTTP/1.1" 404 148 "http://localhost:8000/" "Mozilla/5.0 (Windows NT 10.0; Win64; x64) AppleWebKit/537.36 (KHTML, like Gecko) Chrome/87.0.4280.66 Safari/537.36"
::1 - - [02/Dec/2020:09:57:39 +0000] "GET /undefined HTTP/1.1" 404 148 "http://localhost:8000/" "Mozilla/5.0 (Windows NT 10.0; Win64; x64) AppleWebKit/537.36 (KHTML, like Gecko) Chrome/87.0.4280.66 Safari/537.36"
::1 - - [02/Dec/2020:10:01:13 +0000] "GET / HTTP/1.1" 200 7688 "-" "Mozilla/5.0 (Windows NT 10.0; Win64; x64) AppleWebKit/537.36 (KHTML, like Gecko) Chrome/87.0.4280.66 Safari/537.36"
::1 - - [02/Dec/2020:10:01:13 +0000] "GET /undefined HTTP/1.1" 404 148 "http://localhost:8000/" "Mozilla/5.0 (Windows NT 10.0; Win64; x64) AppleWebKit/537.36 (KHTML, like Gecko) Chrome/87.0.4280.66 Safari/537.36"
::1 - - [02/Dec/2020:10:01:13 +0000] "GET /undefined HTTP/1.1" 404 148 "http://localhost:8000/" "Mozilla/5.0 (Windows NT 10.0; Win64; x64) AppleWebKit/537.36 (KHTML, like Gecko) Chrome/87.0.4280.66 Safari/537.36"
::1 - - [02/Dec/2020:10:01:13 +0000] "GET /undefined HTTP/1.1" 404 148 "http://localhost:8000/" "Mozilla/5.0 (Windows NT 10.0; Win64; x64) AppleWebKit/537.36 (KHTML, like Gecko) Chrome/87.0.4280.66 Safari/537.36"
::1 - - [02/Dec/2020:10:01:13 +0000] "GET /undefined HTTP/1.1" 404 148 "http://localhost:8000/" "Mozilla/5.0 (Windows NT 10.0; Win64; x64) AppleWebKit/537.36 (KHTML, like Gecko) Chrome/87.0.4280.66 Safari/537.36"
::1 - - [02/Dec/2020:10:01:13 +0000] "GET /undefined HTTP/1.1" 404 148 "http://localhost:8000/" "Mozilla/5.0 (Windows NT 10.0; Win64; x64) AppleWebKit/537.36 (KHTML, like Gecko) Chrome/87.0.4280.66 Safari/537.36"
::1 - - [02/Dec/2020:10:01:13 +0000] "GET /undefined HTTP/1.1" 404 148 "http://localhost:8000/" "Mozilla/5.0 (Windows NT 10.0; Win64; x64) AppleWebKit/537.36 (KHTML, like Gecko) Chrome/87.0.4280.66 Safari/537.36"
::1 - - [02/Dec/2020:10:14:26 +0000] "GET / HTTP/1.1" 200 7679 "-" "Mozilla/5.0 (Windows NT 10.0; Win64; x64) AppleWebKit/537.36 (KHTML, like Gecko) Chrome/87.0.4280.66 Safari/537.36"
::1 - - [02/Dec/2020:10:14:27 +0000] "GET /undefined HTTP/1.1" 404 148 "http://localhost:8000/" "Mozilla/5.0 (Windows NT 10.0; Win64; x64) AppleWebKit/537.36 (KHTML, like Gecko) Chrome/87.0.4280.66 Safari/537.36"
::1 - - [02/Dec/2020:10:14:27 +0000] "GET /undefined HTTP/1.1" 404 148 "http://localhost:8000/" "Mozilla/5.0 (Windows NT 10.0; Win64; x64) AppleWebKit/537.36 (KHTML, like Gecko) Chrome/87.0.4280.66 Safari/537.36"
::1 - - [02/Dec/2020:10:14:27 +0000] "GET /undefined HTTP/1.1" 404 148 "http://localhost:8000/" "Mozilla/5.0 (Windows NT 10.0; Win64; x64) AppleWebKit/537.36 (KHTML, like Gecko) Chrome/87.0.4280.66 Safari/537.36"
::1 - - [02/Dec/2020:10:14:27 +0000] "GET /undefined HTTP/1.1" 404 148 "http://localhost:8000/" "Mozilla/5.0 (Windows NT 10.0; Win64; x64) AppleWebKit/537.36 (KHTML, like Gecko) Chrome/87.0.4280.66 Safari/537.36"
::1 - - [02/Dec/2020:10:14:27 +0000] "GET /undefined HTTP/1.1" 404 148 "http://localhost:8000/" "Mozilla/5.0 (Windows NT 10.0; Win64; x64) AppleWebKit/537.36 (KHTML, like Gecko) Chrome/87.0.4280.66 Safari/537.36"
::1 - - [02/Dec/2020:10:14:27 +0000] "GET /undefined HTTP/1.1" 404 148 "http://localhost:8000/" "Mozilla/5.0 (Windows NT 10.0; Win64; x64) AppleWebKit/537.36 (KHTML, like Gecko) Chrome/87.0.4280.66 Safari/537.36"
::1 - - [02/Dec/2020:10:14:27 +0000] "GET /undefined HTTP/1.1" 404 148 "http://localhost:8000/" "Mozilla/5.0 (Windows NT 10.0; Win64; x64) AppleWebKit/537.36 (KHTML, like Gecko) Chrome/87.0.4280.66 Safari/537.36"
::1 - - [02/Dec/2020:10:14:30 +0000] "GET /users/sign-in HTTP/1.1" 200 2546 "http://localhost:8000/" "Mozilla/5.0 (Windows NT 10.0; Win64; x64) AppleWebKit/537.36 (KHTML, like Gecko) Chrome/87.0.4280.66 Safari/537.36"
::1 - - [02/Dec/2020:10:14:30 +0000] "GET /undefined HTTP/1.1" 404 148 "http://localhost:8000/users/sign-in" "Mozilla/5.0 (Windows NT 10.0; Win64; x64) AppleWebKit/537.36 (KHTML, like Gecko) Chrome/87.0.4280.66 Safari/537.36"
::1 - - [02/Dec/2020:10:14:35 +0000] "HEAD /users/sign-in HTTP/1.1" 200 2546 "-" "Mozilla/5.0 (X11; Linux x86_64; rv:10.0) Gecko/20150101 Firefox/47.0 (Chrome)"
::1 - - [02/Dec/2020:10:14:35 +0000] "GET /users/sign-in HTTP/1.1" 200 2546 "-" "Mozilla/5.0 (X11; Linux x86_64; rv:10.0) Gecko/20150101 Firefox/47.0 (Chrome)"
::1 - - [02/Dec/2020:10:14:49 +0000] "POST /users/create-session HTTP/1.1" 302 46 "http://localhost:8000/users/sign-in" "Mozilla/5.0 (Windows NT 10.0; Win64; x64) AppleWebKit/537.36 (KHTML, like Gecko) Chrome/87.0.4280.66 Safari/537.36"
::1 - - [02/Dec/2020:10:14:49 +0000] "GET / HTTP/1.1" 200 10702 "http://localhost:8000/users/sign-in" "Mozilla/5.0 (Windows NT 10.0; Win64; x64) AppleWebKit/537.36 (KHTML, like Gecko) Chrome/87.0.4280.66 Safari/537.36"
::1 - - [02/Dec/2020:10:14:50 +0000] "GET /undefined HTTP/1.1" 404 148 "http://localhost:8000/" "Mozilla/5.0 (Windows NT 10.0; Win64; x64) AppleWebKit/537.36 (KHTML, like Gecko) Chrome/87.0.4280.66 Safari/537.36"
::1 - - [02/Dec/2020:10:14:50 +0000] "GET /undefined HTTP/1.1" 404 148 "http://localhost:8000/" "Mozilla/5.0 (Windows NT 10.0; Win64; x64) AppleWebKit/537.36 (KHTML, like Gecko) Chrome/87.0.4280.66 Safari/537.36"
::1 - - [02/Dec/2020:10:14:50 +0000] "GET /undefined HTTP/1.1" 404 148 "http://localhost:8000/" "Mozilla/5.0 (Windows NT 10.0; Win64; x64) AppleWebKit/537.36 (KHTML, like Gecko) Chrome/87.0.4280.66 Safari/537.36"
::1 - - [02/Dec/2020:10:14:50 +0000] "GET /undefined HTTP/1.1" 404 148 "http://localhost:8000/" "Mozilla/5.0 (Windows NT 10.0; Win64; x64) AppleWebKit/537.36 (KHTML, like Gecko) Chrome/87.0.4280.66 Safari/537.36"
::1 - - [02/Dec/2020:10:14:50 +0000] "GET /undefined HTTP/1.1" 404 148 "http://localhost:8000/" "Mozilla/5.0 (Windows NT 10.0; Win64; x64) AppleWebKit/537.36 (KHTML, like Gecko) Chrome/87.0.4280.66 Safari/537.36"
::1 - - [02/Dec/2020:10:14:50 +0000] "GET /undefined HTTP/1.1" 404 148 "http://localhost:8000/" "Mozilla/5.0 (Windows NT 10.0; Win64; x64) AppleWebKit/537.36 (KHTML, like Gecko) Chrome/87.0.4280.66 Safari/537.36"
::1 - - [02/Dec/2020:10:15:05 +0000] "GET /users/sign-out HTTP/1.1" 302 46 "http://localhost:8000/" "Mozilla/5.0 (Windows NT 10.0; Win64; x64) AppleWebKit/537.36 (KHTML, like Gecko) Chrome/87.0.4280.66 Safari/537.36"
::1 - - [02/Dec/2020:10:15:05 +0000] "GET / HTTP/1.1" 200 7977 "http://localhost:8000/" "Mozilla/5.0 (Windows NT 10.0; Win64; x64) AppleWebKit/537.36 (KHTML, like Gecko) Chrome/87.0.4280.66 Safari/537.36"
::1 - - [02/Dec/2020:10:15:05 +0000] "GET /undefined HTTP/1.1" 404 148 "http://localhost:8000/" "Mozilla/5.0 (Windows NT 10.0; Win64; x64) AppleWebKit/537.36 (KHTML, like Gecko) Chrome/87.0.4280.66 Safari/537.36"
::1 - - [02/Dec/2020:10:15:05 +0000] "GET /undefined HTTP/1.1" 404 148 "http://localhost:8000/" "Mozilla/5.0 (Windows NT 10.0; Win64; x64) AppleWebKit/537.36 (KHTML, like Gecko) Chrome/87.0.4280.66 Safari/537.36"
::1 - - [02/Dec/2020:10:15:05 +0000] "GET /undefined HTTP/1.1" 404 148 "http://localhost:8000/" "Mozilla/5.0 (Windows NT 10.0; Win64; x64) AppleWebKit/537.36 (KHTML, like Gecko) Chrome/87.0.4280.66 Safari/537.36"
::1 - - [02/Dec/2020:10:15:05 +0000] "GET /undefined HTTP/1.1" 404 148 "http://localhost:8000/" "Mozilla/5.0 (Windows NT 10.0; Win64; x64) AppleWebKit/537.36 (KHTML, like Gecko) Chrome/87.0.4280.66 Safari/537.36"
::1 - - [02/Dec/2020:10:15:05 +0000] "GET /undefined HTTP/1.1" 404 148 "http://localhost:8000/" "Mozilla/5.0 (Windows NT 10.0; Win64; x64) AppleWebKit/537.36 (KHTML, like Gecko) Chrome/87.0.4280.66 Safari/537.36"
::1 - - [02/Dec/2020:10:15:05 +0000] "GET /undefined HTTP/1.1" 404 148 "http://localhost:8000/" "Mozilla/5.0 (Windows NT 10.0; Win64; x64) AppleWebKit/537.36 (KHTML, like Gecko) Chrome/87.0.4280.66 Safari/537.36"
::1 - - [02/Dec/2020:10:34:35 +0000] "GET / HTTP/1.1" 200 7716 "http://localhost:8000/" "Mozilla/5.0 (Windows NT 10.0; Win64; x64) AppleWebKit/537.36 (KHTML, like Gecko) Chrome/87.0.4280.66 Safari/537.36"
::1 - - [02/Dec/2020:10:34:36 +0000] "GET /undefined HTTP/1.1" 404 148 "http://localhost:8000/" "Mozilla/5.0 (Windows NT 10.0; Win64; x64) AppleWebKit/537.36 (KHTML, like Gecko) Chrome/87.0.4280.66 Safari/537.36"
::1 - - [02/Dec/2020:10:34:36 +0000] "GET /undefined HTTP/1.1" 404 148 "http://localhost:8000/" "Mozilla/5.0 (Windows NT 10.0; Win64; x64) AppleWebKit/537.36 (KHTML, like Gecko) Chrome/87.0.4280.66 Safari/537.36"
::1 - - [02/Dec/2020:10:34:36 +0000] "GET /undefined HTTP/1.1" 404 148 "http://localhost:8000/" "Mozilla/5.0 (Windows NT 10.0; Win64; x64) AppleWebKit/537.36 (KHTML, like Gecko) Chrome/87.0.4280.66 Safari/537.36"
::1 - - [02/Dec/2020:10:34:36 +0000] "GET /undefined HTTP/1.1" 404 148 "http://localhost:8000/" "Mozilla/5.0 (Windows NT 10.0; Win64; x64) AppleWebKit/537.36 (KHTML, like Gecko) Chrome/87.0.4280.66 Safari/537.36"
::1 - - [02/Dec/2020:10:34:36 +0000] "GET /undefined HTTP/1.1" 404 148 "http://localhost:8000/" "Mozilla/5.0 (Windows NT 10.0; Win64; x64) AppleWebKit/537.36 (KHTML, like Gecko) Chrome/87.0.4280.66 Safari/537.36"
::1 - - [02/Dec/2020:10:34:46 +0000] "GET /users/sign-in HTTP/1.1" 200 2583 "http://localhost:8000/" "Mozilla/5.0 (Windows NT 10.0; Win64; x64) AppleWebKit/537.36 (KHTML, like Gecko) Chrome/87.0.4280.66 Safari/537.36"
::1 - - [02/Dec/2020:10:34:55 +0000] "POST /users/create-session HTTP/1.1" 302 46 "http://localhost:8000/users/sign-in" "Mozilla/5.0 (Windows NT 10.0; Win64; x64) AppleWebKit/537.36 (KHTML, like Gecko) Chrome/87.0.4280.66 Safari/537.36"
::1 - - [02/Dec/2020:10:34:55 +0000] "GET / HTTP/1.1" 200 10739 "http://localhost:8000/users/sign-in" "Mozilla/5.0 (Windows NT 10.0; Win64; x64) AppleWebKit/537.36 (KHTML, like Gecko) Chrome/87.0.4280.66 Safari/537.36"
::1 - - [02/Dec/2020:10:34:56 +0000] "GET /undefined HTTP/1.1" 404 148 "http://localhost:8000/" "Mozilla/5.0 (Windows NT 10.0; Win64; x64) AppleWebKit/537.36 (KHTML, like Gecko) Chrome/87.0.4280.66 Safari/537.36"
::1 - - [02/Dec/2020:10:34:56 +0000] "GET /undefined HTTP/1.1" 404 148 "http://localhost:8000/" "Mozilla/5.0 (Windows NT 10.0; Win64; x64) AppleWebKit/537.36 (KHTML, like Gecko) Chrome/87.0.4280.66 Safari/537.36"
::1 - - [02/Dec/2020:10:34:56 +0000] "GET /undefined HTTP/1.1" 404 148 "http://localhost:8000/" "Mozilla/5.0 (Windows NT 10.0; Win64; x64) AppleWebKit/537.36 (KHTML, like Gecko) Chrome/87.0.4280.66 Safari/537.36"
::1 - - [02/Dec/2020:10:34:56 +0000] "GET /undefined HTTP/1.1" 404 148 "http://localhost:8000/" "Mozilla/5.0 (Windows NT 10.0; Win64; x64) AppleWebKit/537.36 (KHTML, like Gecko) Chrome/87.0.4280.66 Safari/537.36"
::1 - - [02/Dec/2020:10:34:56 +0000] "GET /undefined HTTP/1.1" 404 148 "http://localhost:8000/" "Mozilla/5.0 (Windows NT 10.0; Win64; x64) AppleWebKit/537.36 (KHTML, like Gecko) Chrome/87.0.4280.66 Safari/537.36"
::1 - - [02/Dec/2020:10:35:12 +0000] "GET /users/sign-out HTTP/1.1" 302 46 "http://localhost:8000/" "Mozilla/5.0 (Windows NT 10.0; Win64; x64) AppleWebKit/537.36 (KHTML, like Gecko) Chrome/87.0.4280.66 Safari/537.36"
::1 - - [02/Dec/2020:10:35:12 +0000] "GET / HTTP/1.1" 200 8014 "http://localhost:8000/" "Mozilla/5.0 (Windows NT 10.0; Win64; x64) AppleWebKit/537.36 (KHTML, like Gecko) Chrome/87.0.4280.66 Safari/537.36"
::1 - - [02/Dec/2020:10:35:13 +0000] "GET /undefined HTTP/1.1" 404 148 "http://localhost:8000/" "Mozilla/5.0 (Windows NT 10.0; Win64; x64) AppleWebKit/537.36 (KHTML, like Gecko) Chrome/87.0.4280.66 Safari/537.36"
::1 - - [02/Dec/2020:10:35:13 +0000] "GET /undefined HTTP/1.1" 404 148 "http://localhost:8000/" "Mozilla/5.0 (Windows NT 10.0; Win64; x64) AppleWebKit/537.36 (KHTML, like Gecko) Chrome/87.0.4280.66 Safari/537.36"
::1 - - [02/Dec/2020:10:35:13 +0000] "GET /undefined HTTP/1.1" 404 148 "http://localhost:8000/" "Mozilla/5.0 (Windows NT 10.0; Win64; x64) AppleWebKit/537.36 (KHTML, like Gecko) Chrome/87.0.4280.66 Safari/537.36"
::1 - - [02/Dec/2020:10:35:13 +0000] "GET /undefined HTTP/1.1" 404 148 "http://localhost:8000/" "Mozilla/5.0 (Windows NT 10.0; Win64; x64) AppleWebKit/537.36 (KHTML, like Gecko) Chrome/87.0.4280.66 Safari/537.36"
::1 - - [02/Dec/2020:10:35:13 +0000] "GET /undefined HTTP/1.1" 404 148 "http://localhost:8000/" "Mozilla/5.0 (Windows NT 10.0; Win64; x64) AppleWebKit/537.36 (KHTML, like Gecko) Chrome/87.0.4280.66 Safari/537.36"
::1 - - [02/Dec/2020:11:54:32 +0000] "GET / HTTP/1.1" 200 7716 "http://localhost:8000/" "Mozilla/5.0 (Windows NT 10.0; Win64; x64) AppleWebKit/537.36 (KHTML, like Gecko) Chrome/87.0.4280.66 Safari/537.36"
::1 - - [02/Dec/2020:11:54:32 +0000] "GET /undefined HTTP/1.1" 404 148 "http://localhost:8000/" "Mozilla/5.0 (Windows NT 10.0; Win64; x64) AppleWebKit/537.36 (KHTML, like Gecko) Chrome/87.0.4280.66 Safari/537.36"
::1 - - [02/Dec/2020:11:54:33 +0000] "GET /undefined HTTP/1.1" 404 148 "http://localhost:8000/" "Mozilla/5.0 (Windows NT 10.0; Win64; x64) AppleWebKit/537.36 (KHTML, like Gecko) Chrome/87.0.4280.66 Safari/537.36"
::1 - - [02/Dec/2020:11:54:33 +0000] "GET /undefined HTTP/1.1" 404 148 "http://localhost:8000/" "Mozilla/5.0 (Windows NT 10.0; Win64; x64) AppleWebKit/537.36 (KHTML, like Gecko) Chrome/87.0.4280.66 Safari/537.36"
::1 - - [02/Dec/2020:11:54:33 +0000] "GET /undefined HTTP/1.1" 404 148 "http://localhost:8000/" "Mozilla/5.0 (Windows NT 10.0; Win64; x64) AppleWebKit/537.36 (KHTML, like Gecko) Chrome/87.0.4280.66 Safari/537.36"
::1 - - [02/Dec/2020:11:54:33 +0000] "GET /undefined HTTP/1.1" 404 148 "http://localhost:8000/" "Mozilla/5.0 (Windows NT 10.0; Win64; x64) AppleWebKit/537.36 (KHTML, like Gecko) Chrome/87.0.4280.66 Safari/537.36"
::1 - - [02/Dec/2020:11:54:41 +0000] "GET /users/sign-in HTTP/1.1" 304 - "http://localhost:8000/" "Mozilla/5.0 (Windows NT 10.0; Win64; x64) AppleWebKit/537.36 (KHTML, like Gecko) Chrome/87.0.4280.66 Safari/537.36"
::1 - - [02/Dec/2020:11:54:52 +0000] "POST /users/create-session HTTP/1.1" 302 46 "http://localhost:8000/users/sign-in" "Mozilla/5.0 (Windows NT 10.0; Win64; x64) AppleWebKit/537.36 (KHTML, like Gecko) Chrome/87.0.4280.66 Safari/537.36"
::1 - - [02/Dec/2020:11:54:52 +0000] "GET / HTTP/1.1" 304 - "http://localhost:8000/users/sign-in" "Mozilla/5.0 (Windows NT 10.0; Win64; x64) AppleWebKit/537.36 (KHTML, like Gecko) Chrome/87.0.4280.66 Safari/537.36"
::1 - - [02/Dec/2020:11:54:53 +0000] "GET /undefined HTTP/1.1" 404 148 "http://localhost:8000/" "Mozilla/5.0 (Windows NT 10.0; Win64; x64) AppleWebKit/537.36 (KHTML, like Gecko) Chrome/87.0.4280.66 Safari/537.36"
::1 - - [02/Dec/2020:11:54:53 +0000] "GET /undefined HTTP/1.1" 404 148 "http://localhost:8000/" "Mozilla/5.0 (Windows NT 10.0; Win64; x64) AppleWebKit/537.36 (KHTML, like Gecko) Chrome/87.0.4280.66 Safari/537.36"
::1 - - [02/Dec/2020:11:54:53 +0000] "GET /undefined HTTP/1.1" 404 148 "http://localhost:8000/" "Mozilla/5.0 (Windows NT 10.0; Win64; x64) AppleWebKit/537.36 (KHTML, like Gecko) Chrome/87.0.4280.66 Safari/537.36"
::1 - - [02/Dec/2020:11:54:53 +0000] "GET /undefined HTTP/1.1" 404 148 "http://localhost:8000/" "Mozilla/5.0 (Windows NT 10.0; Win64; x64) AppleWebKit/537.36 (KHTML, like Gecko) Chrome/87.0.4280.66 Safari/537.36"
::1 - - [02/Dec/2020:11:54:53 +0000] "GET /undefined HTTP/1.1" 404 148 "http://localhost:8000/" "Mozilla/5.0 (Windows NT 10.0; Win64; x64) AppleWebKit/537.36 (KHTML, like Gecko) Chrome/87.0.4280.66 Safari/537.36"
::1 - - [02/Dec/2020:11:55:12 +0000] "GET /users/sign-in HTTP/1.1" 302 72 "http://localhost:8000/" "Mozilla/5.0 (Windows NT 10.0; Win64; x64) AppleWebKit/537.36 (KHTML, like Gecko) Chrome/87.0.4280.66 Safari/537.36"
::1 - - [02/Dec/2020:11:55:12 +0000] "GET /users/profile HTTP/1.1" 404 152 "http://localhost:8000/" "Mozilla/5.0 (Windows NT 10.0; Win64; x64) AppleWebKit/537.36 (KHTML, like Gecko) Chrome/87.0.4280.66 Safari/537.36"
::1 - - [02/Dec/2020:11:57:02 +0000] "GET / HTTP/1.1" 200 10439 "-" "Mozilla/5.0 (Windows NT 10.0; Win64; x64) AppleWebKit/537.36 (KHTML, like Gecko) Chrome/87.0.4280.66 Safari/537.36"
::1 - - [02/Dec/2020:11:57:02 +0000] "GET /undefined HTTP/1.1" 404 148 "http://localhost:8000/" "Mozilla/5.0 (Windows NT 10.0; Win64; x64) AppleWebKit/537.36 (KHTML, like Gecko) Chrome/87.0.4280.66 Safari/537.36"
::1 - - [02/Dec/2020:11:57:02 +0000] "GET /undefined HTTP/1.1" 404 148 "http://localhost:8000/" "Mozilla/5.0 (Windows NT 10.0; Win64; x64) AppleWebKit/537.36 (KHTML, like Gecko) Chrome/87.0.4280.66 Safari/537.36"
::1 - - [02/Dec/2020:11:57:02 +0000] "GET /undefined HTTP/1.1" 404 148 "http://localhost:8000/" "Mozilla/5.0 (Windows NT 10.0; Win64; x64) AppleWebKit/537.36 (KHTML, like Gecko) Chrome/87.0.4280.66 Safari/537.36"
::1 - - [02/Dec/2020:11:57:02 +0000] "GET /undefined HTTP/1.1" 404 148 "http://localhost:8000/" "Mozilla/5.0 (Windows NT 10.0; Win64; x64) AppleWebKit/537.36 (KHTML, like Gecko) Chrome/87.0.4280.66 Safari/537.36"
::1 - - [02/Dec/2020:11:57:02 +0000] "GET /undefined HTTP/1.1" 404 148 "http://localhost:8000/" "Mozilla/5.0 (Windows NT 10.0; Win64; x64) AppleWebKit/537.36 (KHTML, like Gecko) Chrome/87.0.4280.66 Safari/537.36"
::1 - - [02/Dec/2020:11:57:02 +0000] "GET /undefined HTTP/1.1" 404 148 "http://localhost:8000/" "Mozilla/5.0 (Windows NT 10.0; Win64; x64) AppleWebKit/537.36 (KHTML, like Gecko) Chrome/87.0.4280.66 Safari/537.36"
::1 - - [02/Dec/2020:11:57:36 +0000] "GET /users/profile/5fc72f03bd412343d4b48e17 HTTP/1.1" 200 4137 "http://localhost:8000/" "Mozilla/5.0 (Windows NT 10.0; Win64; x64) AppleWebKit/537.36 (KHTML, like Gecko) Chrome/87.0.4280.66 Safari/537.36"
::1 - - [02/Dec/2020:11:57:36 +0000] "GET /undefined HTTP/1.1" 404 148 "http://localhost:8000/users/profile/5fc72f03bd412343d4b48e17" "Mozilla/5.0 (Windows NT 10.0; Win64; x64) AppleWebKit/537.36 (KHTML, like Gecko) Chrome/87.0.4280.66 Safari/537.36"
::1 - - [02/Dec/2020:11:57:56 +0000] "GET /users/sign-out HTTP/1.1" 302 46 "http://localhost:8000/" "Mozilla/5.0 (Windows NT 10.0; Win64; x64) AppleWebKit/537.36 (KHTML, like Gecko) Chrome/87.0.4280.66 Safari/537.36"
::1 - - [02/Dec/2020:11:57:56 +0000] "GET / HTTP/1.1" 200 8014 "http://localhost:8000/" "Mozilla/5.0 (Windows NT 10.0; Win64; x64) AppleWebKit/537.36 (KHTML, like Gecko) Chrome/87.0.4280.66 Safari/537.36"
::1 - - [02/Dec/2020:11:57:56 +0000] "GET /undefined HTTP/1.1" 404 148 "http://localhost:8000/" "Mozilla/5.0 (Windows NT 10.0; Win64; x64) AppleWebKit/537.36 (KHTML, like Gecko) Chrome/87.0.4280.66 Safari/537.36"
::1 - - [02/Dec/2020:11:57:56 +0000] "GET /undefined HTTP/1.1" 404 148 "http://localhost:8000/" "Mozilla/5.0 (Windows NT 10.0; Win64; x64) AppleWebKit/537.36 (KHTML, like Gecko) Chrome/87.0.4280.66 Safari/537.36"
::1 - - [02/Dec/2020:11:57:56 +0000] "GET /undefined HTTP/1.1" 404 148 "http://localhost:8000/" "Mozilla/5.0 (Windows NT 10.0; Win64; x64) AppleWebKit/537.36 (KHTML, like Gecko) Chrome/87.0.4280.66 Safari/537.36"
::1 - - [02/Dec/2020:11:57:56 +0000] "GET /undefined HTTP/1.1" 404 148 "http://localhost:8000/" "Mozilla/5.0 (Windows NT 10.0; Win64; x64) AppleWebKit/537.36 (KHTML, like Gecko) Chrome/87.0.4280.66 Safari/537.36"
::1 - - [02/Dec/2020:11:57:56 +0000] "GET /undefined HTTP/1.1" 404 148 "http://localhost:8000/" "Mozilla/5.0 (Windows NT 10.0; Win64; x64) AppleWebKit/537.36 (KHTML, like Gecko) Chrome/87.0.4280.66 Safari/537.36"
[0mGET / [32m200[0m 292.095 ms - 13277[0m
[0mGET /users/sign-in [32m200[0m 17.731 ms - 2511[0m
[0mGET /users/css/layout.css [33m404[0m 22.148 ms - 159[0m
[0mGET /users/css/footer.css [33m404[0m 27.824 ms - 159[0m
[0mGET /users/css/sign_in.css [33m404[0m 58.103 ms - 160[0m
[0mGET /users/css/header.css [33m404[0m 26.276 ms - 159[0m
[0mGET /users/images/logo.jpg [33m404[0m 66.163 ms - 160[0m
[0mGET /users/images/favicon.ico [33m404[0m 3.030 ms - 163[0m
[0mGET /users/sign-in [36m304[0m 21.163 ms - -[0m
[0mGET /users/css/layout.css [33m404[0m 11.667 ms - 159[0m
[0mGET /users/css/header.css [33m404[0m 32.025 ms - 159[0m
[0mGET /users/css/footer.css [33m404[0m 11.867 ms - 159[0m
[0mGET /users/images/logo.jpg [33m404[0m 6.135 ms - 160[0m
[0mGET /users/css/layout.css [33m404[0m 16.358 ms - 159[0m
[0mGET /users/css/header.css [33m404[0m 16.947 ms - 159[0m
[0mGET /users/sign-in [36m304[0m 11.556 ms - -[0m
[0mGET /users/css/layout.css [33m404[0m 12.233 ms - 159[0m
[0mGET /users/css/header.css [33m404[0m 12.386 ms - 159[0m
[0mGET /users/images/logo.jpg [33m404[0m 5.010 ms - 160[0m
[0mGET /users/css/layout.css [33m404[0m 13.437 ms - 159[0m
[0mGET /users/css/header.css [33m404[0m 23.110 ms - 159[0m
[0mGET /users/css/sign_in.css [33m404[0m 20.631 ms - 160[0m
[0mGET /users/sign-up [32m200[0m 21.098 ms - 2702[0m
[0mGET /users/css/layout.css [33m404[0m 12.059 ms - 159[0m
[0mGET /users/css/header.css [33m404[0m 32.954 ms - 159[0m
[0mGET /users/images/logo.jpg [33m404[0m 4.777 ms - 160[0m
[0mGET /users/css/layout.css [33m404[0m 15.656 ms - 159[0m
[0mGET /users/css/header.css [33m404[0m 16.500 ms - 159[0m
[0mGET /users/sign-in [36m304[0m 13.746 ms - -[0m
[0mGET /users/css/layout.css [33m404[0m 31.566 ms - 159[0m
[0mGET /users/css/header.css [33m404[0m 36.789 ms - 159[0m
[0mGET /users/css/sign_in.css [33m404[0m 14.374 ms - 160[0m
[0mGET /users/images/logo.jpg [33m404[0m 4.389 ms - 160[0m
[0mGET /users/css/layout.css [33m404[0m 12.231 ms - 159[0m
[0mGET /users/css/header.css [33m404[0m 10.291 ms - 159[0m
[0mHEAD /users/sign-up [32m200[0m 9.471 ms - 2702[0m
[0mGET /users/sign-up [32m200[0m 5.877 ms - 2702[0m
[0mHEAD /users/sign-in [32m200[0m 7.615 ms - 2511[0m
[0mGET /users/sign-in [32m200[0m 8.299 ms - 2511[0m
[0mGET / [36m304[0m 159.433 ms - -[0m
[0mGET /js/home_post_comments.js [33m404[0m 55.387 ms - 163[0m
[0mGET /js/home_posts.js [33m404[0m 59.209 ms - 155[0m
[0mGET /js/chatbox.js [33m404[0m 74.020 ms - 152[0m
[0mGET /js/chat_engine.js [33m404[0m 74.868 ms - 156[0m
[0mGET /js/toggle_likes.js [33m404[0m 75.599 ms - 157[0m
[0mGET /js/chat_engine.js [33m404[0m 7.972 ms - 156[0m
[0mGET / [36m304[0m 98.185 ms - -[0m
[0mGET /css/layout.css [33m404[0m 18.669 ms - 153[0m
[0mGET /css/post.css [33m404[0m 21.531 ms - 151[0m
[0mGET /css/chat_box.css [33m404[0m 40.108 ms - 155[0m
[0mGET /js/toggle_likes.js [33m404[0m 28.255 ms - 157[0m
[0mGET /js/home_post_comments.js [33m404[0m 25.641 ms - 163[0m
[0mGET /js/chatbox.js [33m404[0m 15.905 ms - 152[0m
[0mGET /js/toggle_likes.js [33m404[0m 8.142 ms - 157[0m
[0mGET /js/chat_engine.js [33m404[0m 4.372 ms - 156[0m
[0mGET / [36m304[0m 73.078 ms - -[0m
[0mGET /css/header.css [33m404[0m 24.841 ms - 153[0m
[0mGET /css/layout.css [33m404[0m 25.695 ms - 153[0m
[0mGET /js/home_post_comments.js [33m404[0m 19.406 ms - 163[0m
[0mGET /js/home_posts.js [33m404[0m 19.098 ms - 155[0m
[0mGET /images/logo.jpg [33m404[0m 12.587 ms - 154[0m
[0mGET /js/chat_engine.js [33m404[0m 5.635 ms - 156[0m
[0mGET / [36m304[0m 90.033 ms - -[0m
[0mGET /css/layout.css [33m404[0m 20.541 ms - 153[0m
[0mGET /css/header.css [33m404[0m 21.755 ms - 153[0m
[0mGET /css/chat_box.css [33m404[0m 15.365 ms - 155[0m
[0mGET /js/home_post_comments.js [33m404[0m 20.972 ms - 163[0m
[0mGET /js/home_posts.js [33m404[0m 20.743 ms - 155[0m
[0mHEAD / [32m200[0m 86.239 ms - 13277[0m
[0mGET / [32m200[0m 68.627 ms - 13277[0m
[0mGET / [36m304[0m 147.858 ms - -[0m
[0mGET / [36m304[0m 86.815 ms - -[0m
[0mGET /users/sign-in [36m304[0m 7.293 ms - -[0m
[0mGET /users/css/layout.css [33m404[0m 28.039 ms - 159[0m
[0mGET /users/css/header.css [33m404[0m 28.007 ms - 159[0m
[0mGET /users/images/logo.jpg [33m404[0m 5.204 ms - 160[0m
[0mGET /users/sign-in [36m304[0m 9.863 ms - -[0m
[0mGET /users/css/sign_in.css [33m404[0m 15.544 ms - 160[0m
[0mGET /users/css/layout.css [33m404[0m 17.197 ms - 159[0m
[0mGET /users/images/logo.jpg [33m404[0m 5.429 ms - 160[0m
[0mGET /users/sign-in [36m304[0m 7.233 ms - -[0m
[0mGET /users/css/layout.css [33m404[0m 11.346 ms - 159[0m
[0mGET /users/css/header.css [33m404[0m 14.299 ms - 159[0m
[0mGET /users/images/logo.jpg [33m404[0m 6.439 ms - 160[0m
[0mGET / [36m304[0m 83.542 ms - -[0m
[0mGET / [36m304[0m 99.464 ms - -[0m
[0mGET / [36m304[0m 153.592 ms - -[0m
[0mGET /users/sign-in [36m304[0m 15.464 ms - -[0m
[0mGET /users/css/layout.css [33m404[0m 32.347 ms - 159[0m
[0mGET /users/css/header.css [33m404[0m 29.654 ms - 159[0m
[0mGET /users/css/sign_in.css [33m404[0m 38.345 ms - 160[0m
[0mGET /users/images/logo.jpg [33m404[0m 5.972 ms - 160[0m
[0mGET /users/sign-in [36m304[0m 16.682 ms - -[0m
[0mGET /users/css/layout.css [33m404[0m 13.010 ms - 159[0m
[0mGET /users/css/header.css [33m404[0m 22.201 ms - 159[0m
[0mGET /users/css/sign_in.css [33m404[0m 13.540 ms - 160[0m
[0mGET /users/images/logo.jpg [33m404[0m 5.126 ms - 160[0m
[0mGET /users/sign-in [36m304[0m 17.626 ms - -[0m
[0mGET /users/css/layout.css [33m404[0m 16.545 ms - 159[0m
[0mGET /users/css/header.css [33m404[0m 17.030 ms - 159[0m
[0mGET /users/images/logo.jpg [33m404[0m 7.097 ms - 160[0m
[0mPOST /users/create-session [36m302[0m 29.332 ms - 46[0m
[0mGET / [32m200[0m 103.006 ms - 19354[0m
[0mGET /users/sign-out [36m302[0m 14.291 ms - 46[0m
[0mGET / [32m200[0m 69.575 ms - 13575[0m
[0mGET /users/sign-up [36m304[0m 20.784 ms - -[0m
[0mGET /users/css/layout.css [33m404[0m 16.587 ms - 159[0m
[0mGET /users/css/header.css [33m404[0m 16.373 ms - 159[0m
[0mGET /users/images/logo.jpg [33m404[0m 7.334 ms - 160[0m
[0mGET /users/sign-in [36m304[0m 9.900 ms - -[0m
[0mGET /users/css/layout.css [33m404[0m 14.652 ms - 159[0m
[0mGET /users/css/header.css [33m404[0m 14.369 ms - 159[0m
[0mGET /users/images/logo.jpg [33m404[0m 5.401 ms - 160[0m
[0mGET /users/sign-in [36m304[0m 12.351 ms - -[0m
[0mGET /users/css/layout.css [33m404[0m 14.681 ms - 159[0m
[0mGET /users/css/header.css [33m404[0m 14.574 ms - 159[0m
[0mGET /users/images/logo.jpg [33m404[0m 7.440 ms - 160[0m
[0mGET /users/sign-in [36m304[0m 15.458 ms - -[0m
[0mGET /users/css/layout.css [33m404[0m 17.550 ms - 159[0m
[0mGET /users/css/header.css [33m404[0m 17.622 ms - 159[0m
[0mGET /users/images/logo.jpg [33m404[0m 5.573 ms - 160[0m
[0mGET / [32m200[0m 195.123 ms - 13277[0m
[0mGET /users/sign-in [32m200[0m 33.739 ms - 2511[0m
[0mGET /users/css/layout.css [33m404[0m 14.584 ms - 159[0m
[0mGET /users/css/header.css [33m404[0m 15.396 ms - 159[0m
[0mGET /users/images/logo.jpg [33m404[0m 4.755 ms - 160[0m
[0mGET /users/css/layout.css [33m404[0m 6.307 ms - 159[0m
[0mGET /users/css/header.css [33m404[0m 7.442 ms - 159[0m
[0mGET /users/css/footer.css [33m404[0m 6.738 ms - 159[0m
[0mGET /users/css/sign_in.css [33m404[0m 8.108 ms - 160[0m
[0mGET /users/images/favicon.ico [33m404[0m 4.666 ms - 163[0m
[0mGET /users/sign-in [36m304[0m 10.594 ms - -[0m
[0mGET /users/css/layout.css [33m404[0m 15.999 ms - 159[0m
[0mGET /users/css/header.css [33m404[0m 15.802 ms - 159[0m
[0mGET /users/images/logo.jpg [33m404[0m 8.778 ms - 160[0m
[0mGET / [32m200[0m 149.746 ms - 13326[0m
[0mGET /users/sign-in [36m304[0m 8.803 ms - -[0m
[0mGET /users/css/layout.css [33m404[0m 16.060 ms - 159[0m
[0mGET /users/css/header.css [33m404[0m 14.539 ms - 159[0m
[0mGET /users/images/logo.jpg [33m404[0m 6.517 ms - 160[0m
[0mGET /users/css/layout.css [33m404[0m 19.654 ms - 159[0m
[0mGET /users/css/header.css [33m404[0m 20.011 ms - 159[0m
[0mGET / [36m304[0m 111.357 ms - -[0m
[0mGET /users/sign-in [36m304[0m 12.856 ms - -[0m
[0mGET /users/css/layout.css [33m404[0m 10.875 ms - 159[0m
[0mGET /users/css/header.css [33m404[0m 13.138 ms - 159[0m
[0mGET /users/images/logo.jpg [33m404[0m 2.667 ms - 160[0m
[0mGET /users/sign-in [36m304[0m 13.511 ms - -[0m
[0mGET /users/css/layout.css [33m404[0m 14.448 ms - 159[0m
[0mGET /users/css/header.css [33m404[0m 24.238 ms - 159[0m
[0mGET /users/css/sign_in.css [33m404[0m 14.794 ms - 160[0m
[0mGET /users/images/logo.jpg [33m404[0m 4.392 ms - 160[0m
[0mGET / [36m304[0m 73.486 ms - -[0m
[0mGET /users/sign-in [36m304[0m 11.014 ms - -[0m
[0mGET /users/css/layout.css [33m404[0m 10.929 ms - 159[0m
[0mGET /users/css/header.css [33m404[0m 17.410 ms - 159[0m
[0mGET /users/css/sign_in.css [33m404[0m 10.234 ms - 160[0m
[0mGET /users/images/logo.jpg [33m404[0m 4.634 ms - 160[0m
[0mGET /users/sign-in [36m304[0m 42.839 ms - -[0m
[0mGET /users/css/footer.css [33m404[0m 83.184 ms - 159[0m
[0mGET /users/css/layout.css [33m404[0m 24.176 ms - 159[0m
[0mGET /users/css/header.css [33m404[0m 94.387 ms - 159[0m
[0mGET /users/css/sign_in.css [33m404[0m 102.211 ms - 160[0m
[0mGET /users/images/logo.jpg [33m404[0m 9.692 ms - 160[0m
[0mGET / [36m304[0m 145.985 ms - -[0m
[0mGET /users/sign-in [36m304[0m 11.276 ms - -[0m
[0mGET /users/css/layout.css [33m404[0m 10.085 ms - 159[0m
[0mGET /users/css/header.css [33m404[0m 16.453 ms - 159[0m
[0mGET /users/css/sign_in.css [33m404[0m 13.892 ms - 160[0m
[0mGET /users/images/logo.jpg [33m404[0m 8.198 ms - 160[0m
[0mGET / [36m304[0m 1176.696 ms - -[0m
[0mGET /users/sign-in [36m304[0m 27.978 ms - -[0m
[0mGET /users/css/layout.css [33m404[0m 75.223 ms - 159[0m
[0mGET /users/css/header.css [33m404[0m 80.486 ms - 159[0m
[0mGET /users/css/sign_in.css [33m404[0m 141.607 ms - 160[0m
[0mGET /users/css/footer.css [33m404[0m 165.582 ms - 159[0m
[0mGET /users/images/logo.jpg [33m404[0m 106.211 ms - 160[0m
[0mHEAD /users/sign-in [32m200[0m 16.596 ms - 2511[0m
[0mGET /users/sign-in [32m200[0m 13.539 ms - 2511[0m
[0mPOST /users/create-session [36m302[0m 84.165 ms - 72[0m
[0mGET /users/sign-in [32m200[0m 29.332 ms - 2812[0m
[0mGET /users/css/layout.css [33m404[0m 16.346 ms - 159[0m
[0mGET /users/css/header.css [33m404[0m 15.834 ms - 159[0m
[0mGET /users/images/logo.jpg [33m404[0m 7.139 ms - 160[0m
[0mPOST /users/create-session [36m302[0m 16.357 ms - 46[0m
[0mGET / [32m200[0m 196.454 ms - 19403[0m
[0mHEAD / [32m200[0m 183.254 ms - 13326[0m
[0mGET / [32m200[0m 113.267 ms - 13326[0m
[0mGET /users/profile/5fbfb688e59fa12ec0195c31 [32m200[0m 95.273 ms - 4074[0m
[0mGET /users/profile/css/layout.css [33m404[0m 32.420 ms - 167[0m
[0mGET /users/profile/css/header.css [33m404[0m 37.450 ms - 167[0m
[0mGET /users/profile/images/logo.jpg [33m404[0m 21.709 ms - 168[0m
[0mGET /users/profile/js/toggle_friend.js [33m404[0m 23.805 ms - 172[0m
[0mGET /users/profile/images/favicon.ico [33m404[0m 10.048 ms - 171[0m
[0mHEAD /users/profile/5fbfb688e59fa12ec0195c31 [36m302[0m 17.279 ms - 72[0m
[0mGET /users/sign-in [32m200[0m 12.922 ms - 2511[0m
[0mHEAD /users/sign-in [32m200[0m 12.272 ms - 2511[0m
[0mGET /users/sign-in [32m200[0m 10.695 ms - 2511[0m
[0mGET /users/profile/5fbfcef33590f23f405b11d0 [32m200[0m 100.973 ms - 3535[0m
[0mGET /users/profile/css/header.css [33m404[0m 32.933 ms - 167[0m
[0mGET /users/profile/css/footer.css [33m404[0m 29.471 ms - 167[0m
[0mGET /users/profile/images/logo.jpg [33m404[0m 16.949 ms - 168[0m
[0mGET /users/profile/js/toggle_friend.js [33m404[0m 34.267 ms - 172[0m
[0mHEAD /users/profile/5fbfcef33590f23f405b11d0 [36m302[0m 23.912 ms - 72[0m
[0mGET /users/sign-in [32m200[0m 16.141 ms - 2511[0m
[0mHEAD /users/sign-in [32m200[0m 13.068 ms - 2511[0m
[0mGET /users/sign-in [32m200[0m 17.581 ms - 2511[0m
[0mGET /users/profile/5fbfb688e59fa12ec0195c31 [36m304[0m 58.967 ms - -[0m
[0mGET /users/profile/css/header.css [33m404[0m 114.644 ms - 167[0m
[0mGET /users/profile/css/layout.css [33m404[0m 121.053 ms - 167[0m
[0mGET /users/profile/css/layout.css [33m404[0m 36.312 ms - 167[0m
[0mGET /users/profile/images/logo.jpg [33m404[0m 36.565 ms - 168[0m
[0mGET / [32m200[0m 122.093 ms - 19103[0m
[0mGET /users/profile/5fbfb688e59fa12ec0195c31 [36m304[0m 411.400 ms - -[0m
[0mGET /users/profile/css/layout.css [33m404[0m 53.439 ms - 167[0m
[0mGET /users/profile/css/header.css [33m404[0m 41.933 ms - 167[0m
[0mGET /users/profile/js/toggle_friend.js [33m404[0m 17.895 ms - 172[0m
[0mGET /users/profile/images/logo.jpg [33m404[0m 21.289 ms - 168[0m
[0mHEAD /users/profile/5fbfb688e59fa12ec0195c31 [36m302[0m 72.924 ms - 72[0m
[0mGET /users/sign-in [32m200[0m 10.052 ms - 2511[0m
[0mHEAD /users/sign-in [32m200[0m 7.611 ms - 2511[0m
[0mGET /users/sign-in [32m200[0m 5.830 ms - 2511[0m
[0mGET /users/profile/js/toggle_friend.js [33m404[0m 167.665 ms - 172[0m
[0mGET /users/profile/5fbfb688e59fa12ec0195c31 [36m302[0m 91.587 ms - 72[0m
[0mGET /users/sign-in [32m200[0m 486.641 ms - 2511[0m
[0mGET /users/css/layout.css [33m404[0m 80.016 ms - 159[0m
[0mGET /users/css/footer.css [33m404[0m 83.583 ms - 159[0m
[0mGET /users/css/sign_in.css [33m404[0m 7.172 ms - 160[0m
[0mGET /users/css/header.css [33m404[0m 80.100 ms - 159[0m
[0mGET /users/images/logo.jpg [33m404[0m 88.459 ms - 160[0m
[0mGET /users/css/layout.css [33m404[0m 153.932 ms - 159[0m
[0mGET /users/css/header.css [33m404[0m 48.425 ms - 159[0m
[0mGET /users/css/sign_in.css [33m404[0m 66.556 ms - 160[0m
[0mHEAD /users/profile/5fbfb688e59fa12ec0195c31 [36m302[0m 29.828 ms - 72[0m
[0mGET /users/sign-in [32m200[0m 13.806 ms - 2511[0m
[0mHEAD /users/sign-in [32m200[0m 30.017 ms - 2511[0m
[0mGET /users/sign-in [32m200[0m 7.101 ms - 2511[0m
[0mHEAD /users/sign-in [32m200[0m 12.028 ms - 2511[0m
[0mGET /users/sign-in [32m200[0m 9.661 ms - 2511[0m
[0mGET /users/sign-in [36m304[0m 48.312 ms - -[0m
[0mGET /users/css/footer.css [33m404[0m 33.548 ms - 159[0m
[0mGET /users/css/sign_in.css [33m404[0m 35.276 ms - 160[0m
[0mGET /users/css/layout.css [33m404[0m 39.925 ms - 159[0m
[0mGET /users/css/layout.css [33m404[0m 8.876 ms - 159[0m
[0mGET /users/images/logo.jpg [33m404[0m 9.842 ms - 160[0m
::1 - - [02/Dec/2020:17:35:46 +0000] "HEAD / HTTP/1.1" - - "-" "Mozilla/5.0 (X11; Linux x86_64; rv:10.0) Gecko/20150101 Firefox/47.0 (Chrome)"
::1 - - [02/Dec/2020:17:36:48 +0000] "GET / HTTP/1.1" 200 7777 "-" "Mozilla/5.0 (Windows NT 10.0; Win64; x64) AppleWebKit/537.36 (KHTML, like Gecko) Chrome/87.0.4280.66 Safari/537.36"
::1 - - [02/Dec/2020:17:36:49 +0000] "GET /undefined HTTP/1.1" 404 148 "http://localhost:8000/" "Mozilla/5.0 (Windows NT 10.0; Win64; x64) AppleWebKit/537.36 (KHTML, like Gecko) Chrome/87.0.4280.66 Safari/537.36"
::1 - - [02/Dec/2020:17:36:50 +0000] "GET /undefined HTTP/1.1" 404 148 "http://localhost:8000/" "Mozilla/5.0 (Windows NT 10.0; Win64; x64) AppleWebKit/537.36 (KHTML, like Gecko) Chrome/87.0.4280.66 Safari/537.36"
::1 - - [02/Dec/2020:17:36:51 +0000] "GET /undefined HTTP/1.1" 404 148 "http://localhost:8000/" "Mozilla/5.0 (Windows NT 10.0; Win64; x64) AppleWebKit/537.36 (KHTML, like Gecko) Chrome/87.0.4280.66 Safari/537.36"
::1 - - [02/Dec/2020:17:36:51 +0000] "GET /undefined HTTP/1.1" 404 148 "http://localhost:8000/" "Mozilla/5.0 (Windows NT 10.0; Win64; x64) AppleWebKit/537.36 (KHTML, like Gecko) Chrome/87.0.4280.66 Safari/537.36"
::1 - - [02/Dec/2020:17:36:51 +0000] "GET /undefined HTTP/1.1" 404 148 "http://localhost:8000/" "Mozilla/5.0 (Windows NT 10.0; Win64; x64) AppleWebKit/537.36 (KHTML, like Gecko) Chrome/87.0.4280.66 Safari/537.36"
::1 - - [02/Dec/2020:17:36:51 +0000] "GET /undefined HTTP/1.1" 404 148 "http://localhost:8000/" "Mozilla/5.0 (Windows NT 10.0; Win64; x64) AppleWebKit/537.36 (KHTML, like Gecko) Chrome/87.0.4280.66 Safari/537.36"
::1 - - [02/Dec/2020:17:36:54 +0000] "GET /users/sign-in HTTP/1.1" 200 2583 "http://localhost:8000/" "Mozilla/5.0 (Windows NT 10.0; Win64; x64) AppleWebKit/537.36 (KHTML, like Gecko) Chrome/87.0.4280.66 Safari/537.36"
::1 - - [02/Dec/2020:17:37:05 +0000] "POST /users/create-session HTTP/1.1" 302 46 "http://localhost:8000/users/sign-in" "Mozilla/5.0 (Windows NT 10.0; Win64; x64) AppleWebKit/537.36 (KHTML, like Gecko) Chrome/87.0.4280.66 Safari/537.36"
::1 - - [02/Dec/2020:17:37:05 +0000] "GET / HTTP/1.1" 200 10800 "http://localhost:8000/users/sign-in" "Mozilla/5.0 (Windows NT 10.0; Win64; x64) AppleWebKit/537.36 (KHTML, like Gecko) Chrome/87.0.4280.66 Safari/537.36"
::1 - - [02/Dec/2020:17:37:06 +0000] "GET /undefined HTTP/1.1" 404 148 "http://localhost:8000/" "Mozilla/5.0 (Windows NT 10.0; Win64; x64) AppleWebKit/537.36 (KHTML, like Gecko) Chrome/87.0.4280.66 Safari/537.36"
::1 - - [02/Dec/2020:17:37:07 +0000] "GET /undefined HTTP/1.1" 404 148 "http://localhost:8000/" "Mozilla/5.0 (Windows NT 10.0; Win64; x64) AppleWebKit/537.36 (KHTML, like Gecko) Chrome/87.0.4280.66 Safari/537.36"
::1 - - [02/Dec/2020:17:37:07 +0000] "GET /undefined HTTP/1.1" 404 148 "http://localhost:8000/" "Mozilla/5.0 (Windows NT 10.0; Win64; x64) AppleWebKit/537.36 (KHTML, like Gecko) Chrome/87.0.4280.66 Safari/537.36"
::1 - - [02/Dec/2020:17:37:07 +0000] "GET /undefined HTTP/1.1" 404 148 "http://localhost:8000/" "Mozilla/5.0 (Windows NT 10.0; Win64; x64) AppleWebKit/537.36 (KHTML, like Gecko) Chrome/87.0.4280.66 Safari/537.36"
::1 - - [02/Dec/2020:17:37:07 +0000] "GET /undefined HTTP/1.1" 404 148 "http://localhost:8000/" "Mozilla/5.0 (Windows NT 10.0; Win64; x64) AppleWebKit/537.36 (KHTML, like Gecko) Chrome/87.0.4280.66 Safari/537.36"
::1 - - [02/Dec/2020:17:45:27 +0000] "GET / HTTP/1.1" 200 10598 "http://localhost:8000/users/sign-in" "Mozilla/5.0 (Windows NT 10.0; Win64; x64) AppleWebKit/537.36 (KHTML, like Gecko) Chrome/87.0.4280.66 Safari/537.36"
::1 - - [02/Dec/2020:17:45:48 +0000] "GET /users/profile/5fc72f03bd412343d4b48e17 HTTP/1.1" 200 4158 "http://localhost:8000/" "Mozilla/5.0 (Windows NT 10.0; Win64; x64) AppleWebKit/537.36 (KHTML, like Gecko) Chrome/87.0.4280.66 Safari/537.36"
::1 - - [02/Dec/2020:17:45:54 +0000] "GET / HTTP/1.1" 304 - "http://localhost:8000/users/profile/5fc72f03bd412343d4b48e17" "Mozilla/5.0 (Windows NT 10.0; Win64; x64) AppleWebKit/537.36 (KHTML, like Gecko) Chrome/87.0.4280.66 Safari/537.36"
::1 - - [02/Dec/2020:17:49:08 +0000] "GET /users/sign-out HTTP/1.1" 302 46 "http://localhost:8000/" "Mozilla/5.0 (Windows NT 10.0; Win64; x64) AppleWebKit/537.36 (KHTML, like Gecko) Chrome/87.0.4280.66 Safari/537.36"
::1 - - [02/Dec/2020:17:49:08 +0000] "GET / HTTP/1.1" 200 8173 "http://localhost:8000/" "Mozilla/5.0 (Windows NT 10.0; Win64; x64) AppleWebKit/537.36 (KHTML, like Gecko) Chrome/87.0.4280.66 Safari/537.36"
[0mGET / [32m200[0m 606.100 ms - 13326[0m
[0mGET /users/sign-in [32m200[0m 48.148 ms - 2511[0m
[0mGET /users/css/layout.css [33m404[0m 55.363 ms - 159[0m
[0mGET /users/css/footer.css [33m404[0m 73.766 ms - 159[0m
[0mGET /users/css/header.css [33m404[0m 58.065 ms - 159[0m
[0mGET /users/css/layout.css [33m404[0m 14.715 ms - 159[0m
[0mGET /users/images/logo.jpg [33m404[0m 17.437 ms - 160[0m
[0mGET /users/sign-in [36m304[0m 195.947 ms - -[0m
[0mGET /users/css/layout.css [33m404[0m 113.008 ms - 159[0m
[0mGET /users/css/header.css [33m404[0m 161.858 ms - 159[0m
[0mGET /users/css/sign_in.css [33m404[0m 78.930 ms - 160[0m
[0mGET /users/css/footer.css [33m404[0m 100.381 ms - 159[0m
[0mGET /users/css/layout.css [33m404[0m 21.013 ms - 159[0m
[0mGET /users/images/logo.jpg [33m404[0m 24.937 ms - 160[0m
[0mGET /users/sign-in [36m304[0m 164.179 ms - -[0m
[0mGET /users/css/layout.css [33m404[0m 30.691 ms - 159[0m
[0mGET /users/css/header.css [33m404[0m 58.541 ms - 159[0m
[0mGET /users/css/sign_in.css [33m404[0m 75.594 ms - 160[0m
[0mGET /users/css/footer.css [33m404[0m 76.436 ms - 159[0m
[0mGET /users/css/layout.css [33m404[0m 12.514 ms - 159[0m
[0mGET /users/images/logo.jpg [33m404[0m 16.013 ms - 160[0m
[0mGET /users/sign-in [36m304[0m 71.334 ms - -[0m
[0mGET /users/css/layout.css [33m404[0m 51.210 ms - 159[0m
[0mGET /users/css/header.css [33m404[0m 78.648 ms - 159[0m
[0mGET /users/css/sign_in.css [33m404[0m 61.116 ms - 160[0m
[0mGET /users/css/footer.css [33m404[0m 79.369 ms - 159[0m
[0mGET /users/images/logo.jpg [33m404[0m 6.399 ms - 160[0m
[0mGET / [36m304[0m 241.299 ms - -[0m
[0mGET / [36m304[0m 80.895 ms - -[0m
[0mGET /users/sign-in [36m304[0m 12.871 ms - -[0m
[0mGET /users/css/layout.css [33m404[0m 13.363 ms - 159[0m
[0mGET /users/css/header.css [33m404[0m 18.908 ms - 159[0m
[0mGET /users/css/footer.css [33m404[0m 10.520 ms - 159[0m
[0mGET /users/css/sign_in.css [33m404[0m 12.079 ms - 160[0m
[0mGET /users/images/logo.jpg [33m404[0m 9.949 ms - 160[0m
[0mHEAD /users/sign-in [32m200[0m 25.924 ms - 2511[0m
[0mGET /users/sign-in [32m200[0m 8.020 ms - 2511[0m
[0mGET /users/sign-in [36m304[0m 49.919 ms - -[0m
[0mGET /users/css/layout.css [33m404[0m 31.330 ms - 159[0m
[0mGET /users/css/header.css [33m404[0m 84.368 ms - 159[0m
[0mGET /users/css/footer.css [33m404[0m 76.032 ms - 159[0m
[0mGET /users/css/sign_in.css [33m404[0m 107.932 ms - 160[0m
[0mGET /users/images/logo.jpg [33m404[0m 5.845 ms - 160[0m
[0mGET /users/sign-in [36m304[0m 12.556 ms - -[0m
[0mGET /users/css/layout.css [33m404[0m 16.557 ms - 159[0m
[0mGET /users/css/header.css [33m404[0m 17.020 ms - 159[0m
[0mGET /users/images/logo.jpg [33m404[0m 6.657 ms - 160[0m
[0mPOST /users/create-session [36m302[0m 91.854 ms - 46[0m
[0mGET / [32m200[0m 837.972 ms - 19403[0m
[0mHEAD / [32m200[0m 65.723 ms - 13326[0m
[0mGET / [32m200[0m 59.384 ms - 13326[0m
[0mGET / [32m200[0m 119.946 ms - 19107[0m
[0mGET / [32m200[0m 112.749 ms - 19107[0m
[0mGET / [32m200[0m 120.841 ms - 19106[0m
[0mGET / [32m200[0m 133.133 ms - 19103[0m
[0mGET / [32m200[0m 124.039 ms - 19109[0m
[0mGET / [32m200[0m 98.174 ms - 19103[0m
[0mGET / [36m304[0m 112.232 ms - -[0m
[0mGET / [36m304[0m 96.986 ms - -[0m
[0mGET / [36m304[0m 118.687 ms - -[0m
[0mGET / [36m304[0m 114.122 ms - -[0m
[0mGET / [36m304[0m 90.217 ms - -[0m
[0mGET / [36m304[0m 109.281 ms - -[0m
